{"/Users/vishwajeet.mishra/personal/ecommerce-backend/app.js": {"path":"/Users/vishwajeet.mishra/personal/ecommerce-backend/app.js","statementMap":{"0":{"start":{"line":1,"column":18},"end":{"line":1,"column":40}},"1":{"start":{"line":2,"column":14},"end":{"line":2,"column":32}},"2":{"start":{"line":3,"column":11},"end":{"line":3,"column":26}},"3":{"start":{"line":4,"column":19},"end":{"line":4,"column":43}},"4":{"start":{"line":5,"column":13},"end":{"line":5,"column":30}},"5":{"start":{"line":6,"column":11},"end":{"line":6,"column":26}},"6":{"start":{"line":8,"column":18},"end":{"line":8,"column":43}},"7":{"start":{"line":9,"column":16},"end":{"line":9,"column":39}},"8":{"start":{"line":11,"column":10},"end":{"line":11,"column":19}},"9":{"start":{"line":14,"column":0},"end":{"line":14,"column":48}},"10":{"start":{"line":15,"column":0},"end":{"line":15,"column":31}},"11":{"start":{"line":17,"column":0},"end":{"line":17,"column":23}},"12":{"start":{"line":18,"column":0},"end":{"line":18,"column":41}},"13":{"start":{"line":19,"column":0},"end":{"line":19,"column":64}},"14":{"start":{"line":20,"column":0},"end":{"line":20,"column":24}},"15":{"start":{"line":21,"column":0},"end":{"line":21,"column":56}},"16":{"start":{"line":22,"column":0},"end":{"line":22,"column":16}},"17":{"start":{"line":24,"column":0},"end":{"line":24,"column":26}},"18":{"start":{"line":25,"column":0},"end":{"line":25,"column":27}},"19":{"start":{"line":28,"column":0},"end":{"line":30,"column":3}},"20":{"start":{"line":29,"column":1},"end":{"line":29,"column":24}},"21":{"start":{"line":33,"column":0},"end":{"line":41,"column":3}},"22":{"start":{"line":35,"column":1},"end":{"line":35,"column":34}},"23":{"start":{"line":36,"column":1},"end":{"line":36,"column":68}},"24":{"start":{"line":39,"column":1},"end":{"line":39,"column":31}},"25":{"start":{"line":40,"column":1},"end":{"line":40,"column":21}},"26":{"start":{"line":43,"column":0},"end":{"line":43,"column":21}}},"fnMap":{"0":{"name":"(anonymous_0)","decl":{"start":{"line":28,"column":8},"end":{"line":28,"column":9}},"loc":{"start":{"line":28,"column":34},"end":{"line":30,"column":1}},"line":28},"1":{"name":"(anonymous_1)","decl":{"start":{"line":33,"column":8},"end":{"line":33,"column":9}},"loc":{"start":{"line":33,"column":39},"end":{"line":41,"column":1}},"line":33}},"branchMap":{"0":{"loc":{"start":{"line":36,"column":20},"end":{"line":36,"column":67}},"type":"cond-expr","locations":[{"start":{"line":36,"column":59},"end":{"line":36,"column":62}},{"start":{"line":36,"column":65},"end":{"line":36,"column":67}}],"line":36},"1":{"loc":{"start":{"line":39,"column":12},"end":{"line":39,"column":29}},"type":"binary-expr","locations":[{"start":{"line":39,"column":12},"end":{"line":39,"column":22}},{"start":{"line":39,"column":26},"end":{"line":39,"column":29}}],"line":39}},"s":{"0":3,"1":3,"2":3,"3":3,"4":3,"5":3,"6":3,"7":3,"8":3,"9":3,"10":3,"11":3,"12":3,"13":3,"14":3,"15":3,"16":3,"17":3,"18":3,"19":3,"20":0,"21":3,"22":0,"23":0,"24":0,"25":0,"26":3},"f":{"0":0,"1":0},"b":{"0":[0,0],"1":[0,0]},"_coverageSchema":"1a1c01bbd47fc00a2c39e90264f33305004495a9","hash":"e0e1a52d019a2f4e07836d0d5d17b0cc01ff5b8e"}
,"/Users/vishwajeet.mishra/personal/ecommerce-backend/routes/index.js": {"path":"/Users/vishwajeet.mishra/personal/ecommerce-backend/routes/index.js","statementMap":{"0":{"start":{"line":1,"column":14},"end":{"line":1,"column":32}},"1":{"start":{"line":2,"column":13},"end":{"line":2,"column":29}},"2":{"start":{"line":5,"column":0},"end":{"line":7,"column":3}},"3":{"start":{"line":6,"column":1},"end":{"line":6,"column":45}},"4":{"start":{"line":9,"column":0},"end":{"line":9,"column":24}}},"fnMap":{"0":{"name":"(anonymous_0)","decl":{"start":{"line":5,"column":16},"end":{"line":5,"column":17}},"loc":{"start":{"line":5,"column":42},"end":{"line":7,"column":1}},"line":5}},"branchMap":{},"s":{"0":3,"1":3,"2":3,"3":1,"4":3},"f":{"0":1},"b":{},"_coverageSchema":"1a1c01bbd47fc00a2c39e90264f33305004495a9","hash":"71a5420085d44c901a9f4e5033d7b6e9ac607dc6"}
,"/Users/vishwajeet.mishra/personal/ecommerce-backend/routes/api/index.js": {"path":"/Users/vishwajeet.mishra/personal/ecommerce-backend/routes/api/index.js","statementMap":{"0":{"start":{"line":1,"column":16},"end":{"line":1,"column":34}},"1":{"start":{"line":2,"column":13},"end":{"line":2,"column":29}},"2":{"start":{"line":3,"column":11},"end":{"line":3,"column":26}},"3":{"start":{"line":5,"column":0},"end":{"line":5,"column":22}},"4":{"start":{"line":7,"column":0},"end":{"line":7,"column":24}}},"fnMap":{},"branchMap":{},"s":{"0":3,"1":3,"2":3,"3":3,"4":3},"f":{},"b":{},"_coverageSchema":"1a1c01bbd47fc00a2c39e90264f33305004495a9","hash":"028f280ecf5f633c64621637a1427282d6865074"}
,"/Users/vishwajeet.mishra/personal/ecommerce-backend/routes/api/v1/index.js": {"path":"/Users/vishwajeet.mishra/personal/ecommerce-backend/routes/api/v1/index.js","statementMap":{"0":{"start":{"line":1,"column":16},"end":{"line":1,"column":34}},"1":{"start":{"line":2,"column":13},"end":{"line":2,"column":29}},"2":{"start":{"line":3,"column":23},"end":{"line":3,"column":73}},"3":{"start":{"line":4,"column":27},"end":{"line":4,"column":81}},"4":{"start":{"line":5,"column":26},"end":{"line":5,"column":79}},"5":{"start":{"line":6,"column":24},"end":{"line":6,"column":75}},"6":{"start":{"line":8,"column":0},"end":{"line":8,"column":49}},"7":{"start":{"line":9,"column":0},"end":{"line":9,"column":51}},"8":{"start":{"line":10,"column":0},"end":{"line":10,"column":69}},"9":{"start":{"line":11,"column":0},"end":{"line":11,"column":71}},"10":{"start":{"line":12,"column":0},"end":{"line":12,"column":64}},"11":{"start":{"line":13,"column":0},"end":{"line":13,"column":60}},"12":{"start":{"line":14,"column":0},"end":{"line":14,"column":58}},"13":{"start":{"line":15,"column":0},"end":{"line":15,"column":69}},"14":{"start":{"line":16,"column":0},"end":{"line":16,"column":55}},"15":{"start":{"line":17,"column":0},"end":{"line":17,"column":63}},"16":{"start":{"line":18,"column":0},"end":{"line":18,"column":54}},"17":{"start":{"line":20,"column":0},"end":{"line":20,"column":24}}},"fnMap":{},"branchMap":{},"s":{"0":3,"1":3,"2":3,"3":3,"4":3,"5":3,"6":3,"7":3,"8":3,"9":3,"10":3,"11":3,"12":3,"13":3,"14":3,"15":3,"16":3,"17":3},"f":{},"b":{},"_coverageSchema":"1a1c01bbd47fc00a2c39e90264f33305004495a9","hash":"87a79f3f803382e97f1aff47228b651c10a87ce5"}
,"/Users/vishwajeet.mishra/personal/ecommerce-backend/src/constants/backendConfig.js": {"path":"/Users/vishwajeet.mishra/personal/ecommerce-backend/src/constants/backendConfig.js","statementMap":{"0":{"start":{"line":1,"column":0},"end":{"line":32,"column":2}}},"fnMap":{},"branchMap":{},"s":{"0":3},"f":{},"b":{},"_coverageSchema":"1a1c01bbd47fc00a2c39e90264f33305004495a9","hash":"d34a7d2a2e46180582304b0e15b4c1981a51fb37"}
,"/Users/vishwajeet.mishra/personal/ecommerce-backend/src/controllers/categoryController.js": {"path":"/Users/vishwajeet.mishra/personal/ecommerce-backend/src/controllers/categoryController.js","statementMap":{"0":{"start":{"line":1,"column":17},"end":{"line":1,"column":46}},"1":{"start":{"line":4,"column":4},"end":{"line":4,"column":41}},"2":{"start":{"line":6,"column":0},"end":{"line":22,"column":2}},"3":{"start":{"line":8,"column":21},"end":{"line":11,"column":3}},"4":{"start":{"line":12,"column":2},"end":{"line":20,"column":5}},"5":{"start":{"line":13,"column":3},"end":{"line":15,"column":4}},"6":{"start":{"line":14,"column":4},"end":{"line":14,"column":72}},"7":{"start":{"line":16,"column":3},"end":{"line":16,"column":31}},"8":{"start":{"line":17,"column":3},"end":{"line":17,"column":55}},"9":{"start":{"line":18,"column":3},"end":{"line":18,"column":36}},"10":{"start":{"line":19,"column":3},"end":{"line":19,"column":59}}},"fnMap":{"0":{"name":"(anonymous_0)","decl":{"start":{"line":7,"column":17},"end":{"line":7,"column":18}},"loc":{"start":{"line":7,"column":37},"end":{"line":21,"column":2}},"line":7},"1":{"name":"(anonymous_1)","decl":{"start":{"line":12,"column":26},"end":{"line":12,"column":27}},"loc":{"start":{"line":12,"column":49},"end":{"line":20,"column":3}},"line":12}},"branchMap":{"0":{"loc":{"start":{"line":13,"column":3},"end":{"line":15,"column":4}},"type":"if","locations":[{"start":{"line":13,"column":3},"end":{"line":15,"column":4}},{"start":{},"end":{}}],"line":13}},"s":{"0":3,"1":3,"2":3,"3":2,"4":2,"5":2,"6":0,"7":2,"8":2,"9":2,"10":2},"f":{"0":2,"1":2},"b":{"0":[0,2]},"_coverageSchema":"1a1c01bbd47fc00a2c39e90264f33305004495a9","hash":"c5b24d22ef5a8e877ceae3d9cd328eb52c51b1d2"}
,"/Users/vishwajeet.mishra/personal/ecommerce-backend/src/controllers/orderController.js": {"path":"/Users/vishwajeet.mishra/personal/ecommerce-backend/src/controllers/orderController.js","statementMap":{"0":{"start":{"line":1,"column":20},"end":{"line":1,"column":52}},"1":{"start":{"line":2,"column":18},"end":{"line":2,"column":48}},"2":{"start":{"line":3,"column":16},"end":{"line":3,"column":44}},"3":{"start":{"line":6,"column":4},"end":{"line":6,"column":41}},"4":{"start":{"line":8,"column":0},"end":{"line":194,"column":2}},"5":{"start":{"line":10,"column":13},"end":{"line":10,"column":21}},"6":{"start":{"line":11,"column":21},"end":{"line":14,"column":3}},"7":{"start":{"line":15,"column":2},"end":{"line":75,"column":3}},"8":{"start":{"line":16,"column":3},"end":{"line":16,"column":21}},"9":{"start":{"line":17,"column":3},"end":{"line":72,"column":6}},"10":{"start":{"line":18,"column":4},"end":{"line":21,"column":5}},"11":{"start":{"line":19,"column":5},"end":{"line":19,"column":50}},"12":{"start":{"line":20,"column":5},"end":{"line":20,"column":73}},"13":{"start":{"line":22,"column":4},"end":{"line":71,"column":7}},"14":{"start":{"line":23,"column":5},"end":{"line":26,"column":6}},"15":{"start":{"line":24,"column":6},"end":{"line":24,"column":51}},"16":{"start":{"line":25,"column":6},"end":{"line":25,"column":74}},"17":{"start":{"line":27,"column":5},"end":{"line":70,"column":6}},"18":{"start":{"line":28,"column":6},"end":{"line":28,"column":82}},"19":{"start":{"line":29,"column":6},"end":{"line":29,"column":35}},"20":{"start":{"line":30,"column":6},"end":{"line":48,"column":9}},"21":{"start":{"line":31,"column":7},"end":{"line":34,"column":8}},"22":{"start":{"line":32,"column":8},"end":{"line":32,"column":53}},"23":{"start":{"line":33,"column":8},"end":{"line":33,"column":76}},"24":{"start":{"line":35,"column":7},"end":{"line":35,"column":36}},"25":{"start":{"line":36,"column":7},"end":{"line":47,"column":10}},"26":{"start":{"line":37,"column":8},"end":{"line":40,"column":9}},"27":{"start":{"line":38,"column":9},"end":{"line":38,"column":54}},"28":{"start":{"line":39,"column":9},"end":{"line":39,"column":77}},"29":{"start":{"line":41,"column":8},"end":{"line":41,"column":36}},"30":{"start":{"line":42,"column":8},"end":{"line":42,"column":55}},"31":{"start":{"line":43,"column":8},"end":{"line":45,"column":9}},"32":{"start":{"line":46,"column":8},"end":{"line":46,"column":64}},"33":{"start":{"line":50,"column":6},"end":{"line":50,"column":49}},"34":{"start":{"line":51,"column":6},"end":{"line":69,"column":9}},"35":{"start":{"line":52,"column":7},"end":{"line":55,"column":8}},"36":{"start":{"line":53,"column":8},"end":{"line":53,"column":53}},"37":{"start":{"line":54,"column":8},"end":{"line":54,"column":76}},"38":{"start":{"line":56,"column":7},"end":{"line":56,"column":39}},"39":{"start":{"line":57,"column":7},"end":{"line":68,"column":10}},"40":{"start":{"line":58,"column":8},"end":{"line":61,"column":9}},"41":{"start":{"line":59,"column":9},"end":{"line":59,"column":54}},"42":{"start":{"line":60,"column":9},"end":{"line":60,"column":77}},"43":{"start":{"line":62,"column":8},"end":{"line":62,"column":36}},"44":{"start":{"line":63,"column":8},"end":{"line":63,"column":55}},"45":{"start":{"line":64,"column":8},"end":{"line":66,"column":9}},"46":{"start":{"line":67,"column":8},"end":{"line":67,"column":64}},"47":{"start":{"line":74,"column":3},"end":{"line":74,"column":62}},"48":{"start":{"line":79,"column":13},"end":{"line":79,"column":21}},"49":{"start":{"line":80,"column":21},"end":{"line":83,"column":3}},"50":{"start":{"line":84,"column":2},"end":{"line":112,"column":3}},"51":{"start":{"line":85,"column":3},"end":{"line":109,"column":6}},"52":{"start":{"line":86,"column":4},"end":{"line":89,"column":5}},"53":{"start":{"line":87,"column":5},"end":{"line":87,"column":58}},"54":{"start":{"line":88,"column":5},"end":{"line":88,"column":73}},"55":{"start":{"line":90,"column":4},"end":{"line":90,"column":32}},"56":{"start":{"line":91,"column":4},"end":{"line":91,"column":59}},"57":{"start":{"line":92,"column":4},"end":{"line":107,"column":5}},"58":{"start":{"line":93,"column":5},"end":{"line":97,"column":6}},"59":{"start":{"line":98,"column":5},"end":{"line":106,"column":8}},"60":{"start":{"line":99,"column":25},"end":{"line":104,"column":7}},"61":{"start":{"line":105,"column":6},"end":{"line":105,"column":58}},"62":{"start":{"line":108,"column":4},"end":{"line":108,"column":60}},"63":{"start":{"line":111,"column":3},"end":{"line":111,"column":62}},"64":{"start":{"line":116,"column":13},"end":{"line":116,"column":21}},"65":{"start":{"line":117,"column":21},"end":{"line":120,"column":3}},"66":{"start":{"line":121,"column":2},"end":{"line":123,"column":3}},"67":{"start":{"line":122,"column":3},"end":{"line":122,"column":62}},"68":{"start":{"line":124,"column":2},"end":{"line":192,"column":3}},"69":{"start":{"line":125,"column":3},"end":{"line":189,"column":4}},"70":{"start":{"line":126,"column":4},"end":{"line":134,"column":7}},"71":{"start":{"line":127,"column":5},"end":{"line":130,"column":6}},"72":{"start":{"line":128,"column":6},"end":{"line":128,"column":55}},"73":{"start":{"line":129,"column":6},"end":{"line":129,"column":74}},"74":{"start":{"line":131,"column":5},"end":{"line":131,"column":33}},"75":{"start":{"line":132,"column":5},"end":{"line":132,"column":61}},"76":{"start":{"line":133,"column":5},"end":{"line":133,"column":61}},"77":{"start":{"line":136,"column":4},"end":{"line":188,"column":7}},"78":{"start":{"line":137,"column":5},"end":{"line":140,"column":6}},"79":{"start":{"line":138,"column":6},"end":{"line":138,"column":59}},"80":{"start":{"line":139,"column":6},"end":{"line":139,"column":74}},"81":{"start":{"line":141,"column":5},"end":{"line":187,"column":8}},"82":{"start":{"line":142,"column":6},"end":{"line":145,"column":7}},"83":{"start":{"line":143,"column":7},"end":{"line":143,"column":60}},"84":{"start":{"line":144,"column":7},"end":{"line":144,"column":75}},"85":{"start":{"line":146,"column":6},"end":{"line":186,"column":7}},"86":{"start":{"line":147,"column":7},"end":{"line":162,"column":10}},"87":{"start":{"line":148,"column":8},"end":{"line":151,"column":9}},"88":{"start":{"line":149,"column":9},"end":{"line":149,"column":62}},"89":{"start":{"line":150,"column":9},"end":{"line":150,"column":77}},"90":{"start":{"line":152,"column":8},"end":{"line":152,"column":88}},"91":{"start":{"line":153,"column":8},"end":{"line":161,"column":11}},"92":{"start":{"line":154,"column":9},"end":{"line":157,"column":10}},"93":{"start":{"line":155,"column":10},"end":{"line":155,"column":63}},"94":{"start":{"line":156,"column":10},"end":{"line":156,"column":78}},"95":{"start":{"line":158,"column":9},"end":{"line":158,"column":37}},"96":{"start":{"line":159,"column":9},"end":{"line":159,"column":65}},"97":{"start":{"line":160,"column":9},"end":{"line":160,"column":65}},"98":{"start":{"line":164,"column":7},"end":{"line":185,"column":10}},"99":{"start":{"line":165,"column":8},"end":{"line":168,"column":9}},"100":{"start":{"line":166,"column":9},"end":{"line":166,"column":62}},"101":{"start":{"line":167,"column":9},"end":{"line":167,"column":77}},"102":{"start":{"line":169,"column":27},"end":{"line":169,"column":28}},"103":{"start":{"line":170,"column":8},"end":{"line":174,"column":11}},"104":{"start":{"line":171,"column":9},"end":{"line":173,"column":10}},"105":{"start":{"line":172,"column":10},"end":{"line":172,"column":55}},"106":{"start":{"line":175,"column":8},"end":{"line":175,"column":103}},"107":{"start":{"line":176,"column":8},"end":{"line":184,"column":11}},"108":{"start":{"line":177,"column":9},"end":{"line":180,"column":10}},"109":{"start":{"line":178,"column":10},"end":{"line":178,"column":63}},"110":{"start":{"line":179,"column":10},"end":{"line":179,"column":78}},"111":{"start":{"line":181,"column":9},"end":{"line":181,"column":37}},"112":{"start":{"line":182,"column":9},"end":{"line":182,"column":65}},"113":{"start":{"line":183,"column":9},"end":{"line":183,"column":65}},"114":{"start":{"line":191,"column":3},"end":{"line":191,"column":62}}},"fnMap":{"0":{"name":"(anonymous_0)","decl":{"start":{"line":9,"column":14},"end":{"line":9,"column":15}},"loc":{"start":{"line":9,"column":34},"end":{"line":76,"column":2}},"line":9},"1":{"name":"(anonymous_1)","decl":{"start":{"line":17,"column":35},"end":{"line":17,"column":36}},"loc":{"start":{"line":17,"column":58},"end":{"line":72,"column":4}},"line":17},"2":{"name":"(anonymous_2)","decl":{"start":{"line":22,"column":38},"end":{"line":22,"column":39}},"loc":{"start":{"line":22,"column":63},"end":{"line":71,"column":5}},"line":22},"3":{"name":"(anonymous_3)","decl":{"start":{"line":30,"column":34},"end":{"line":30,"column":35}},"loc":{"start":{"line":30,"column":59},"end":{"line":48,"column":7}},"line":30},"4":{"name":"(anonymous_4)","decl":{"start":{"line":36,"column":36},"end":{"line":36,"column":37}},"loc":{"start":{"line":36,"column":52},"end":{"line":47,"column":8}},"line":36},"5":{"name":"(anonymous_5)","decl":{"start":{"line":51,"column":33},"end":{"line":51,"column":34}},"loc":{"start":{"line":51,"column":58},"end":{"line":69,"column":7}},"line":51},"6":{"name":"(anonymous_6)","decl":{"start":{"line":57,"column":36},"end":{"line":57,"column":37}},"loc":{"start":{"line":57,"column":52},"end":{"line":68,"column":8}},"line":57},"7":{"name":"(anonymous_7)","decl":{"start":{"line":78,"column":18},"end":{"line":78,"column":19}},"loc":{"start":{"line":78,"column":38},"end":{"line":113,"column":2}},"line":78},"8":{"name":"(anonymous_8)","decl":{"start":{"line":85,"column":37},"end":{"line":85,"column":38}},"loc":{"start":{"line":85,"column":60},"end":{"line":109,"column":4}},"line":85},"9":{"name":"(anonymous_9)","decl":{"start":{"line":98,"column":20},"end":{"line":98,"column":21}},"loc":{"start":{"line":98,"column":30},"end":{"line":106,"column":6}},"line":98},"10":{"name":"(anonymous_10)","decl":{"start":{"line":115,"column":12},"end":{"line":115,"column":13}},"loc":{"start":{"line":115,"column":32},"end":{"line":193,"column":2}},"line":115},"11":{"name":"(anonymous_11)","decl":{"start":{"line":126,"column":32},"end":{"line":126,"column":33}},"loc":{"start":{"line":126,"column":45},"end":{"line":134,"column":5}},"line":126},"12":{"name":"(anonymous_12)","decl":{"start":{"line":136,"column":36},"end":{"line":136,"column":37}},"loc":{"start":{"line":136,"column":57},"end":{"line":188,"column":5}},"line":136},"13":{"name":"(anonymous_13)","decl":{"start":{"line":141,"column":39},"end":{"line":141,"column":40}},"loc":{"start":{"line":141,"column":62},"end":{"line":187,"column":6}},"line":141},"14":{"name":"(anonymous_14)","decl":{"start":{"line":147,"column":39},"end":{"line":147,"column":40}},"loc":{"start":{"line":147,"column":53},"end":{"line":162,"column":8}},"line":147},"15":{"name":"(anonymous_15)","decl":{"start":{"line":153,"column":36},"end":{"line":153,"column":37}},"loc":{"start":{"line":153,"column":50},"end":{"line":161,"column":9}},"line":153},"16":{"name":"(anonymous_16)","decl":{"start":{"line":164,"column":37},"end":{"line":164,"column":38}},"loc":{"start":{"line":164,"column":51},"end":{"line":185,"column":8}},"line":164},"17":{"name":"(anonymous_17)","decl":{"start":{"line":170,"column":24},"end":{"line":170,"column":25}},"loc":{"start":{"line":170,"column":34},"end":{"line":174,"column":9}},"line":170},"18":{"name":"(anonymous_18)","decl":{"start":{"line":176,"column":36},"end":{"line":176,"column":37}},"loc":{"start":{"line":176,"column":50},"end":{"line":184,"column":9}},"line":176}},"branchMap":{"0":{"loc":{"start":{"line":15,"column":2},"end":{"line":75,"column":3}},"type":"if","locations":[{"start":{"line":15,"column":2},"end":{"line":75,"column":3}},{"start":{"line":73,"column":9},"end":{"line":75,"column":3}}],"line":15},"1":{"loc":{"start":{"line":15,"column":6},"end":{"line":15,"column":35}},"type":"binary-expr","locations":[{"start":{"line":15,"column":6},"end":{"line":15,"column":20}},{"start":{"line":15,"column":24},"end":{"line":15,"column":35}}],"line":15},"2":{"loc":{"start":{"line":18,"column":4},"end":{"line":21,"column":5}},"type":"if","locations":[{"start":{"line":18,"column":4},"end":{"line":21,"column":5}},{"start":{},"end":{}}],"line":18},"3":{"loc":{"start":{"line":23,"column":5},"end":{"line":26,"column":6}},"type":"if","locations":[{"start":{"line":23,"column":5},"end":{"line":26,"column":6}},{"start":{},"end":{}}],"line":23},"4":{"loc":{"start":{"line":27,"column":5},"end":{"line":70,"column":6}},"type":"if","locations":[{"start":{"line":27,"column":5},"end":{"line":70,"column":6}},{"start":{"line":49,"column":12},"end":{"line":70,"column":6}}],"line":27},"5":{"loc":{"start":{"line":31,"column":7},"end":{"line":34,"column":8}},"type":"if","locations":[{"start":{"line":31,"column":7},"end":{"line":34,"column":8}},{"start":{},"end":{}}],"line":31},"6":{"loc":{"start":{"line":37,"column":8},"end":{"line":40,"column":9}},"type":"if","locations":[{"start":{"line":37,"column":8},"end":{"line":40,"column":9}},{"start":{},"end":{}}],"line":37},"7":{"loc":{"start":{"line":52,"column":7},"end":{"line":55,"column":8}},"type":"if","locations":[{"start":{"line":52,"column":7},"end":{"line":55,"column":8}},{"start":{},"end":{}}],"line":52},"8":{"loc":{"start":{"line":58,"column":8},"end":{"line":61,"column":9}},"type":"if","locations":[{"start":{"line":58,"column":8},"end":{"line":61,"column":9}},{"start":{},"end":{}}],"line":58},"9":{"loc":{"start":{"line":84,"column":2},"end":{"line":112,"column":3}},"type":"if","locations":[{"start":{"line":84,"column":2},"end":{"line":112,"column":3}},{"start":{"line":110,"column":9},"end":{"line":112,"column":3}}],"line":84},"10":{"loc":{"start":{"line":86,"column":4},"end":{"line":89,"column":5}},"type":"if","locations":[{"start":{"line":86,"column":4},"end":{"line":89,"column":5}},{"start":{},"end":{}}],"line":86},"11":{"loc":{"start":{"line":92,"column":4},"end":{"line":107,"column":5}},"type":"if","locations":[{"start":{"line":92,"column":4},"end":{"line":107,"column":5}},{"start":{},"end":{}}],"line":92},"12":{"loc":{"start":{"line":121,"column":2},"end":{"line":123,"column":3}},"type":"if","locations":[{"start":{"line":121,"column":2},"end":{"line":123,"column":3}},{"start":{},"end":{}}],"line":121},"13":{"loc":{"start":{"line":124,"column":2},"end":{"line":192,"column":3}},"type":"if","locations":[{"start":{"line":124,"column":2},"end":{"line":192,"column":3}},{"start":{"line":190,"column":9},"end":{"line":192,"column":3}}],"line":124},"14":{"loc":{"start":{"line":124,"column":6},"end":{"line":124,"column":33}},"type":"binary-expr","locations":[{"start":{"line":124,"column":6},"end":{"line":124,"column":18}},{"start":{"line":124,"column":22},"end":{"line":124,"column":33}}],"line":124},"15":{"loc":{"start":{"line":125,"column":3},"end":{"line":189,"column":4}},"type":"if","locations":[{"start":{"line":125,"column":3},"end":{"line":189,"column":4}},{"start":{"line":135,"column":10},"end":{"line":189,"column":4}}],"line":125},"16":{"loc":{"start":{"line":127,"column":5},"end":{"line":130,"column":6}},"type":"if","locations":[{"start":{"line":127,"column":5},"end":{"line":130,"column":6}},{"start":{},"end":{}}],"line":127},"17":{"loc":{"start":{"line":137,"column":5},"end":{"line":140,"column":6}},"type":"if","locations":[{"start":{"line":137,"column":5},"end":{"line":140,"column":6}},{"start":{},"end":{}}],"line":137},"18":{"loc":{"start":{"line":142,"column":6},"end":{"line":145,"column":7}},"type":"if","locations":[{"start":{"line":142,"column":6},"end":{"line":145,"column":7}},{"start":{},"end":{}}],"line":142},"19":{"loc":{"start":{"line":146,"column":6},"end":{"line":186,"column":7}},"type":"if","locations":[{"start":{"line":146,"column":6},"end":{"line":186,"column":7}},{"start":{"line":163,"column":13},"end":{"line":186,"column":7}}],"line":146},"20":{"loc":{"start":{"line":148,"column":8},"end":{"line":151,"column":9}},"type":"if","locations":[{"start":{"line":148,"column":8},"end":{"line":151,"column":9}},{"start":{},"end":{}}],"line":148},"21":{"loc":{"start":{"line":154,"column":9},"end":{"line":157,"column":10}},"type":"if","locations":[{"start":{"line":154,"column":9},"end":{"line":157,"column":10}},{"start":{},"end":{}}],"line":154},"22":{"loc":{"start":{"line":165,"column":8},"end":{"line":168,"column":9}},"type":"if","locations":[{"start":{"line":165,"column":8},"end":{"line":168,"column":9}},{"start":{},"end":{}}],"line":165},"23":{"loc":{"start":{"line":171,"column":9},"end":{"line":173,"column":10}},"type":"if","locations":[{"start":{"line":171,"column":9},"end":{"line":173,"column":10}},{"start":{},"end":{}}],"line":171},"24":{"loc":{"start":{"line":177,"column":9},"end":{"line":180,"column":10}},"type":"if","locations":[{"start":{"line":177,"column":9},"end":{"line":180,"column":10}},{"start":{},"end":{}}],"line":177}},"s":{"0":3,"1":3,"2":3,"3":3,"4":3,"5":0,"6":0,"7":0,"8":0,"9":0,"10":0,"11":0,"12":0,"13":0,"14":0,"15":0,"16":0,"17":0,"18":0,"19":0,"20":0,"21":0,"22":0,"23":0,"24":0,"25":0,"26":0,"27":0,"28":0,"29":0,"30":0,"31":0,"32":0,"33":0,"34":0,"35":0,"36":0,"37":0,"38":0,"39":0,"40":0,"41":0,"42":0,"43":0,"44":0,"45":0,"46":0,"47":0,"48":0,"49":0,"50":0,"51":0,"52":0,"53":0,"54":0,"55":0,"56":0,"57":0,"58":0,"59":0,"60":0,"61":0,"62":0,"63":0,"64":0,"65":0,"66":0,"67":0,"68":0,"69":0,"70":0,"71":0,"72":0,"73":0,"74":0,"75":0,"76":0,"77":0,"78":0,"79":0,"80":0,"81":0,"82":0,"83":0,"84":0,"85":0,"86":0,"87":0,"88":0,"89":0,"90":0,"91":0,"92":0,"93":0,"94":0,"95":0,"96":0,"97":0,"98":0,"99":0,"100":0,"101":0,"102":0,"103":0,"104":0,"105":0,"106":0,"107":0,"108":0,"109":0,"110":0,"111":0,"112":0,"113":0,"114":0},"f":{"0":0,"1":0,"2":0,"3":0,"4":0,"5":0,"6":0,"7":0,"8":0,"9":0,"10":0,"11":0,"12":0,"13":0,"14":0,"15":0,"16":0,"17":0,"18":0},"b":{"0":[0,0],"1":[0,0],"2":[0,0],"3":[0,0],"4":[0,0],"5":[0,0],"6":[0,0],"7":[0,0],"8":[0,0],"9":[0,0],"10":[0,0],"11":[0,0],"12":[0,0],"13":[0,0],"14":[0,0],"15":[0,0],"16":[0,0],"17":[0,0],"18":[0,0],"19":[0,0],"20":[0,0],"21":[0,0],"22":[0,0],"23":[0,0],"24":[0,0]},"_coverageSchema":"1a1c01bbd47fc00a2c39e90264f33305004495a9","hash":"920477de2ccca992b7e2a941a8b3710830be9f4d"}
,"/Users/vishwajeet.mishra/personal/ecommerce-backend/src/controllers/productController.js": {"path":"/Users/vishwajeet.mishra/personal/ecommerce-backend/src/controllers/productController.js","statementMap":{"0":{"start":{"line":1,"column":16},"end":{"line":1,"column":44}},"1":{"start":{"line":4,"column":4},"end":{"line":4,"column":41}},"2":{"start":{"line":6,"column":0},"end":{"line":68,"column":2}},"3":{"start":{"line":8,"column":13},"end":{"line":8,"column":21}},"4":{"start":{"line":9,"column":21},"end":{"line":12,"column":3}},"5":{"start":{"line":13,"column":2},"end":{"line":22,"column":5}},"6":{"start":{"line":14,"column":3},"end":{"line":17,"column":4}},"7":{"start":{"line":15,"column":4},"end":{"line":15,"column":52}},"8":{"start":{"line":16,"column":4},"end":{"line":16,"column":72}},"9":{"start":{"line":18,"column":3},"end":{"line":18,"column":31}},"10":{"start":{"line":19,"column":3},"end":{"line":19,"column":53}},"11":{"start":{"line":20,"column":3},"end":{"line":20,"column":34}},"12":{"start":{"line":21,"column":3},"end":{"line":21,"column":59}},"13":{"start":{"line":26,"column":13},"end":{"line":26,"column":21}},"14":{"start":{"line":27,"column":21},"end":{"line":30,"column":3}},"15":{"start":{"line":31,"column":2},"end":{"line":44,"column":3}},"16":{"start":{"line":32,"column":3},"end":{"line":41,"column":6}},"17":{"start":{"line":33,"column":4},"end":{"line":37,"column":5}},"18":{"start":{"line":34,"column":5},"end":{"line":34,"column":21}},"19":{"start":{"line":35,"column":5},"end":{"line":35,"column":50}},"20":{"start":{"line":36,"column":5},"end":{"line":36,"column":73}},"21":{"start":{"line":38,"column":4},"end":{"line":38,"column":32}},"22":{"start":{"line":39,"column":4},"end":{"line":39,"column":51}},"23":{"start":{"line":40,"column":4},"end":{"line":40,"column":60}},"24":{"start":{"line":43,"column":3},"end":{"line":43,"column":62}},"25":{"start":{"line":48,"column":13},"end":{"line":48,"column":21}},"26":{"start":{"line":49,"column":21},"end":{"line":52,"column":3}},"27":{"start":{"line":53,"column":2},"end":{"line":66,"column":3}},"28":{"start":{"line":54,"column":3},"end":{"line":63,"column":6}},"29":{"start":{"line":55,"column":4},"end":{"line":58,"column":5}},"30":{"start":{"line":56,"column":5},"end":{"line":56,"column":60}},"31":{"start":{"line":57,"column":5},"end":{"line":57,"column":73}},"32":{"start":{"line":59,"column":4},"end":{"line":59,"column":32}},"33":{"start":{"line":60,"column":4},"end":{"line":60,"column":61}},"34":{"start":{"line":61,"column":4},"end":{"line":61,"column":44}},"35":{"start":{"line":62,"column":4},"end":{"line":62,"column":60}},"36":{"start":{"line":65,"column":3},"end":{"line":65,"column":62}}},"fnMap":{"0":{"name":"(anonymous_0)","decl":{"start":{"line":7,"column":15},"end":{"line":7,"column":16}},"loc":{"start":{"line":7,"column":35},"end":{"line":23,"column":2}},"line":7},"1":{"name":"(anonymous_1)","decl":{"start":{"line":13,"column":29},"end":{"line":13,"column":30}},"loc":{"start":{"line":13,"column":52},"end":{"line":22,"column":3}},"line":13},"2":{"name":"(anonymous_2)","decl":{"start":{"line":25,"column":13},"end":{"line":25,"column":14}},"loc":{"start":{"line":25,"column":33},"end":{"line":45,"column":2}},"line":25},"3":{"name":"(anonymous_3)","decl":{"start":{"line":32,"column":28},"end":{"line":32,"column":29}},"loc":{"start":{"line":32,"column":43},"end":{"line":41,"column":4}},"line":32},"4":{"name":"(anonymous_4)","decl":{"start":{"line":47,"column":23},"end":{"line":47,"column":24}},"loc":{"start":{"line":47,"column":43},"end":{"line":67,"column":2}},"line":47},"5":{"name":"(anonymous_5)","decl":{"start":{"line":54,"column":35},"end":{"line":54,"column":36}},"loc":{"start":{"line":54,"column":58},"end":{"line":63,"column":4}},"line":54}},"branchMap":{"0":{"loc":{"start":{"line":14,"column":3},"end":{"line":17,"column":4}},"type":"if","locations":[{"start":{"line":14,"column":3},"end":{"line":17,"column":4}},{"start":{},"end":{}}],"line":14},"1":{"loc":{"start":{"line":31,"column":2},"end":{"line":44,"column":3}},"type":"if","locations":[{"start":{"line":31,"column":2},"end":{"line":44,"column":3}},{"start":{"line":42,"column":9},"end":{"line":44,"column":3}}],"line":31},"2":{"loc":{"start":{"line":31,"column":6},"end":{"line":31,"column":85}},"type":"binary-expr","locations":[{"start":{"line":31,"column":6},"end":{"line":31,"column":15}},{"start":{"line":31,"column":19},"end":{"line":31,"column":29}},{"start":{"line":31,"column":33},"end":{"line":31,"column":49}},{"start":{"line":31,"column":53},"end":{"line":31,"column":68}},{"start":{"line":31,"column":72},"end":{"line":31,"column":85}}],"line":31},"3":{"loc":{"start":{"line":33,"column":4},"end":{"line":37,"column":5}},"type":"if","locations":[{"start":{"line":33,"column":4},"end":{"line":37,"column":5}},{"start":{},"end":{}}],"line":33},"4":{"loc":{"start":{"line":53,"column":2},"end":{"line":66,"column":3}},"type":"if","locations":[{"start":{"line":53,"column":2},"end":{"line":66,"column":3}},{"start":{"line":64,"column":9},"end":{"line":66,"column":3}}],"line":53},"5":{"loc":{"start":{"line":53,"column":6},"end":{"line":53,"column":35}},"type":"binary-expr","locations":[{"start":{"line":53,"column":6},"end":{"line":53,"column":20}},{"start":{"line":53,"column":24},"end":{"line":53,"column":35}}],"line":53},"6":{"loc":{"start":{"line":55,"column":4},"end":{"line":58,"column":5}},"type":"if","locations":[{"start":{"line":55,"column":4},"end":{"line":58,"column":5}},{"start":{},"end":{}}],"line":55}},"s":{"0":3,"1":3,"2":3,"3":1,"4":1,"5":1,"6":1,"7":0,"8":0,"9":1,"10":1,"11":1,"12":1,"13":1,"14":1,"15":1,"16":1,"17":1,"18":0,"19":0,"20":0,"21":1,"22":1,"23":1,"24":0,"25":1,"26":1,"27":1,"28":1,"29":1,"30":0,"31":0,"32":1,"33":1,"34":1,"35":1,"36":0},"f":{"0":1,"1":1,"2":1,"3":1,"4":1,"5":1},"b":{"0":[0,1],"1":[1,0],"2":[1,1,1,1,1],"3":[0,1],"4":[1,0],"5":[1,1],"6":[0,1]},"_coverageSchema":"1a1c01bbd47fc00a2c39e90264f33305004495a9","hash":"90a0d2406b0bc012f44e487680c65ca61a54e41b"}
,"/Users/vishwajeet.mishra/personal/ecommerce-backend/src/controllers/userController.js": {"path":"/Users/vishwajeet.mishra/personal/ecommerce-backend/src/controllers/userController.js","statementMap":{"0":{"start":{"line":1,"column":13},"end":{"line":1,"column":38}},"1":{"start":{"line":4,"column":4},"end":{"line":4,"column":41}},"2":{"start":{"line":6,"column":0},"end":{"line":174,"column":2}},"3":{"start":{"line":8,"column":13},"end":{"line":8,"column":21}},"4":{"start":{"line":9,"column":21},"end":{"line":12,"column":3}},"5":{"start":{"line":13,"column":2},"end":{"line":34,"column":3}},"6":{"start":{"line":14,"column":3},"end":{"line":31,"column":6}},"7":{"start":{"line":15,"column":4},"end":{"line":18,"column":5}},"8":{"start":{"line":16,"column":5},"end":{"line":16,"column":41}},"9":{"start":{"line":17,"column":5},"end":{"line":17,"column":73}},"10":{"start":{"line":19,"column":4},"end":{"line":22,"column":5}},"11":{"start":{"line":20,"column":5},"end":{"line":20,"column":52}},"12":{"start":{"line":21,"column":5},"end":{"line":21,"column":73}},"13":{"start":{"line":23,"column":4},"end":{"line":23,"column":32}},"14":{"start":{"line":24,"column":4},"end":{"line":24,"column":47}},"15":{"start":{"line":25,"column":4},"end":{"line":29,"column":6}},"16":{"start":{"line":30,"column":4},"end":{"line":30,"column":60}},"17":{"start":{"line":33,"column":3},"end":{"line":33,"column":62}},"18":{"start":{"line":38,"column":13},"end":{"line":38,"column":21}},"19":{"start":{"line":39,"column":21},"end":{"line":42,"column":3}},"20":{"start":{"line":43,"column":2},"end":{"line":99,"column":3}},"21":{"start":{"line":44,"column":3},"end":{"line":96,"column":6}},"22":{"start":{"line":45,"column":4},"end":{"line":48,"column":5}},"23":{"start":{"line":46,"column":5},"end":{"line":46,"column":42}},"24":{"start":{"line":47,"column":5},"end":{"line":47,"column":73}},"25":{"start":{"line":49,"column":4},"end":{"line":95,"column":5}},"26":{"start":{"line":50,"column":5},"end":{"line":50,"column":46}},"27":{"start":{"line":51,"column":5},"end":{"line":51,"column":73}},"28":{"start":{"line":53,"column":5},"end":{"line":94,"column":6}},"29":{"start":{"line":54,"column":6},"end":{"line":78,"column":7}},"30":{"start":{"line":55,"column":7},"end":{"line":75,"column":10}},"31":{"start":{"line":56,"column":8},"end":{"line":59,"column":9}},"32":{"start":{"line":57,"column":9},"end":{"line":57,"column":46}},"33":{"start":{"line":58,"column":9},"end":{"line":58,"column":77}},"34":{"start":{"line":60,"column":8},"end":{"line":60,"column":41}},"35":{"start":{"line":61,"column":8},"end":{"line":74,"column":11}},"36":{"start":{"line":62,"column":9},"end":{"line":65,"column":10}},"37":{"start":{"line":63,"column":10},"end":{"line":63,"column":47}},"38":{"start":{"line":64,"column":10},"end":{"line":64,"column":78}},"39":{"start":{"line":66,"column":9},"end":{"line":66,"column":37}},"40":{"start":{"line":67,"column":9},"end":{"line":67,"column":52}},"41":{"start":{"line":68,"column":9},"end":{"line":72,"column":11}},"42":{"start":{"line":73,"column":9},"end":{"line":73,"column":65}},"43":{"start":{"line":77,"column":7},"end":{"line":77,"column":66}},"44":{"start":{"line":80,"column":6},"end":{"line":93,"column":9}},"45":{"start":{"line":81,"column":7},"end":{"line":84,"column":8}},"46":{"start":{"line":82,"column":8},"end":{"line":82,"column":45}},"47":{"start":{"line":83,"column":8},"end":{"line":83,"column":76}},"48":{"start":{"line":85,"column":7},"end":{"line":85,"column":35}},"49":{"start":{"line":86,"column":7},"end":{"line":86,"column":50}},"50":{"start":{"line":87,"column":7},"end":{"line":91,"column":9}},"51":{"start":{"line":92,"column":7},"end":{"line":92,"column":63}},"52":{"start":{"line":98,"column":3},"end":{"line":98,"column":62}},"53":{"start":{"line":103,"column":13},"end":{"line":103,"column":21}},"54":{"start":{"line":104,"column":21},"end":{"line":107,"column":3}},"55":{"start":{"line":108,"column":2},"end":{"line":125,"column":3}},"56":{"start":{"line":109,"column":3},"end":{"line":122,"column":6}},"57":{"start":{"line":110,"column":4},"end":{"line":113,"column":5}},"58":{"start":{"line":111,"column":5},"end":{"line":111,"column":59}},"59":{"start":{"line":112,"column":5},"end":{"line":112,"column":73}},"60":{"start":{"line":114,"column":4},"end":{"line":114,"column":32}},"61":{"start":{"line":115,"column":4},"end":{"line":115,"column":60}},"62":{"start":{"line":116,"column":4},"end":{"line":120,"column":6}},"63":{"start":{"line":121,"column":4},"end":{"line":121,"column":60}},"64":{"start":{"line":124,"column":3},"end":{"line":124,"column":62}},"65":{"start":{"line":129,"column":13},"end":{"line":129,"column":21}},"66":{"start":{"line":130,"column":21},"end":{"line":133,"column":3}},"67":{"start":{"line":134,"column":2},"end":{"line":172,"column":3}},"68":{"start":{"line":135,"column":3},"end":{"line":169,"column":6}},"69":{"start":{"line":136,"column":4},"end":{"line":139,"column":5}},"70":{"start":{"line":137,"column":5},"end":{"line":137,"column":60}},"71":{"start":{"line":138,"column":5},"end":{"line":138,"column":73}},"72":{"start":{"line":140,"column":4},"end":{"line":140,"column":32}},"73":{"start":{"line":141,"column":4},"end":{"line":141,"column":61}},"74":{"start":{"line":142,"column":4},"end":{"line":142,"column":37}},"75":{"start":{"line":143,"column":4},"end":{"line":167,"column":7}},"76":{"start":{"line":144,"column":22},"end":{"line":144,"column":27}},"77":{"start":{"line":145,"column":5},"end":{"line":149,"column":8}},"78":{"start":{"line":146,"column":6},"end":{"line":148,"column":7}},"79":{"start":{"line":147,"column":7},"end":{"line":147,"column":25}},"80":{"start":{"line":150,"column":5},"end":{"line":166,"column":6}},"81":{"start":{"line":151,"column":23},"end":{"line":155,"column":7}},"82":{"start":{"line":156,"column":6},"end":{"line":164,"column":9}},"83":{"start":{"line":157,"column":26},"end":{"line":162,"column":8}},"84":{"start":{"line":163,"column":7},"end":{"line":163,"column":42}},"85":{"start":{"line":165,"column":6},"end":{"line":165,"column":49}},"86":{"start":{"line":168,"column":4},"end":{"line":168,"column":60}},"87":{"start":{"line":171,"column":3},"end":{"line":171,"column":62}}},"fnMap":{"0":{"name":"(anonymous_0)","decl":{"start":{"line":7,"column":8},"end":{"line":7,"column":9}},"loc":{"start":{"line":7,"column":28},"end":{"line":35,"column":2}},"line":7},"1":{"name":"(anonymous_1)","decl":{"start":{"line":14,"column":20},"end":{"line":14,"column":21}},"loc":{"start":{"line":14,"column":43},"end":{"line":31,"column":4}},"line":14},"2":{"name":"(anonymous_2)","decl":{"start":{"line":37,"column":9},"end":{"line":37,"column":10}},"loc":{"start":{"line":37,"column":29},"end":{"line":100,"column":2}},"line":37},"3":{"name":"(anonymous_3)","decl":{"start":{"line":44,"column":29},"end":{"line":44,"column":30}},"loc":{"start":{"line":44,"column":50},"end":{"line":96,"column":4}},"line":44},"4":{"name":"(anonymous_4)","decl":{"start":{"line":55,"column":25},"end":{"line":55,"column":26}},"loc":{"start":{"line":55,"column":50},"end":{"line":75,"column":8}},"line":55},"5":{"name":"(anonymous_5)","decl":{"start":{"line":61,"column":36},"end":{"line":61,"column":37}},"loc":{"start":{"line":61,"column":51},"end":{"line":74,"column":9}},"line":61},"6":{"name":"(anonymous_6)","decl":{"start":{"line":80,"column":24},"end":{"line":80,"column":25}},"loc":{"start":{"line":80,"column":40},"end":{"line":93,"column":7}},"line":80},"7":{"name":"(anonymous_7)","decl":{"start":{"line":102,"column":19},"end":{"line":102,"column":20}},"loc":{"start":{"line":102,"column":39},"end":{"line":126,"column":2}},"line":102},"8":{"name":"(anonymous_8)","decl":{"start":{"line":109,"column":31},"end":{"line":109,"column":32}},"loc":{"start":{"line":109,"column":54},"end":{"line":122,"column":4}},"line":109},"9":{"name":"(anonymous_9)","decl":{"start":{"line":128,"column":20},"end":{"line":128,"column":21}},"loc":{"start":{"line":128,"column":40},"end":{"line":173,"column":2}},"line":128},"10":{"name":"(anonymous_10)","decl":{"start":{"line":135,"column":32},"end":{"line":135,"column":33}},"loc":{"start":{"line":135,"column":55},"end":{"line":169,"column":4}},"line":135},"11":{"name":"(anonymous_11)","decl":{"start":{"line":143,"column":19},"end":{"line":143,"column":20}},"loc":{"start":{"line":143,"column":29},"end":{"line":167,"column":5}},"line":143},"12":{"name":"(anonymous_12)","decl":{"start":{"line":145,"column":41},"end":{"line":145,"column":42}},"loc":{"start":{"line":145,"column":52},"end":{"line":149,"column":6}},"line":145},"13":{"name":"(anonymous_13)","decl":{"start":{"line":156,"column":21},"end":{"line":156,"column":22}},"loc":{"start":{"line":156,"column":32},"end":{"line":164,"column":7}},"line":156}},"branchMap":{"0":{"loc":{"start":{"line":13,"column":2},"end":{"line":34,"column":3}},"type":"if","locations":[{"start":{"line":13,"column":2},"end":{"line":34,"column":3}},{"start":{"line":32,"column":9},"end":{"line":34,"column":3}}],"line":13},"1":{"loc":{"start":{"line":13,"column":6},"end":{"line":13,"column":36}},"type":"binary-expr","locations":[{"start":{"line":13,"column":6},"end":{"line":13,"column":19}},{"start":{"line":13,"column":23},"end":{"line":13,"column":36}}],"line":13},"2":{"loc":{"start":{"line":15,"column":4},"end":{"line":18,"column":5}},"type":"if","locations":[{"start":{"line":15,"column":4},"end":{"line":18,"column":5}},{"start":{},"end":{}}],"line":15},"3":{"loc":{"start":{"line":19,"column":4},"end":{"line":22,"column":5}},"type":"if","locations":[{"start":{"line":19,"column":4},"end":{"line":22,"column":5}},{"start":{},"end":{}}],"line":19},"4":{"loc":{"start":{"line":43,"column":2},"end":{"line":99,"column":3}},"type":"if","locations":[{"start":{"line":43,"column":2},"end":{"line":99,"column":3}},{"start":{"line":97,"column":9},"end":{"line":99,"column":3}}],"line":43},"5":{"loc":{"start":{"line":43,"column":6},"end":{"line":43,"column":53}},"type":"binary-expr","locations":[{"start":{"line":43,"column":6},"end":{"line":43,"column":19}},{"start":{"line":43,"column":23},"end":{"line":43,"column":36}},{"start":{"line":43,"column":40},"end":{"line":43,"column":53}}],"line":43},"6":{"loc":{"start":{"line":45,"column":4},"end":{"line":48,"column":5}},"type":"if","locations":[{"start":{"line":45,"column":4},"end":{"line":48,"column":5}},{"start":{},"end":{}}],"line":45},"7":{"loc":{"start":{"line":49,"column":4},"end":{"line":95,"column":5}},"type":"if","locations":[{"start":{"line":49,"column":4},"end":{"line":95,"column":5}},{"start":{"line":52,"column":11},"end":{"line":95,"column":5}}],"line":49},"8":{"loc":{"start":{"line":53,"column":5},"end":{"line":94,"column":6}},"type":"if","locations":[{"start":{"line":53,"column":5},"end":{"line":94,"column":6}},{"start":{"line":79,"column":12},"end":{"line":94,"column":6}}],"line":53},"9":{"loc":{"start":{"line":54,"column":6},"end":{"line":78,"column":7}},"type":"if","locations":[{"start":{"line":54,"column":6},"end":{"line":78,"column":7}},{"start":{"line":76,"column":13},"end":{"line":78,"column":7}}],"line":54},"10":{"loc":{"start":{"line":54,"column":9},"end":{"line":54,"column":31}},"type":"binary-expr","locations":[{"start":{"line":54,"column":9},"end":{"line":54,"column":19}},{"start":{"line":54,"column":23},"end":{"line":54,"column":31}}],"line":54},"11":{"loc":{"start":{"line":56,"column":8},"end":{"line":59,"column":9}},"type":"if","locations":[{"start":{"line":56,"column":8},"end":{"line":59,"column":9}},{"start":{},"end":{}}],"line":56},"12":{"loc":{"start":{"line":62,"column":9},"end":{"line":65,"column":10}},"type":"if","locations":[{"start":{"line":62,"column":9},"end":{"line":65,"column":10}},{"start":{},"end":{}}],"line":62},"13":{"loc":{"start":{"line":81,"column":7},"end":{"line":84,"column":8}},"type":"if","locations":[{"start":{"line":81,"column":7},"end":{"line":84,"column":8}},{"start":{},"end":{}}],"line":81},"14":{"loc":{"start":{"line":108,"column":2},"end":{"line":125,"column":3}},"type":"if","locations":[{"start":{"line":108,"column":2},"end":{"line":125,"column":3}},{"start":{"line":123,"column":9},"end":{"line":125,"column":3}}],"line":108},"15":{"loc":{"start":{"line":110,"column":4},"end":{"line":113,"column":5}},"type":"if","locations":[{"start":{"line":110,"column":4},"end":{"line":113,"column":5}},{"start":{},"end":{}}],"line":110},"16":{"loc":{"start":{"line":134,"column":2},"end":{"line":172,"column":3}},"type":"if","locations":[{"start":{"line":134,"column":2},"end":{"line":172,"column":3}},{"start":{"line":170,"column":9},"end":{"line":172,"column":3}}],"line":134},"17":{"loc":{"start":{"line":136,"column":4},"end":{"line":139,"column":5}},"type":"if","locations":[{"start":{"line":136,"column":4},"end":{"line":139,"column":5}},{"start":{},"end":{}}],"line":136},"18":{"loc":{"start":{"line":146,"column":6},"end":{"line":148,"column":7}},"type":"if","locations":[{"start":{"line":146,"column":6},"end":{"line":148,"column":7}},{"start":{},"end":{}}],"line":146},"19":{"loc":{"start":{"line":150,"column":5},"end":{"line":166,"column":6}},"type":"if","locations":[{"start":{"line":150,"column":5},"end":{"line":166,"column":6}},{"start":{},"end":{}}],"line":150}},"s":{"0":3,"1":3,"2":3,"3":0,"4":0,"5":0,"6":0,"7":0,"8":0,"9":0,"10":0,"11":0,"12":0,"13":0,"14":0,"15":0,"16":0,"17":0,"18":0,"19":0,"20":0,"21":0,"22":0,"23":0,"24":0,"25":0,"26":0,"27":0,"28":0,"29":0,"30":0,"31":0,"32":0,"33":0,"34":0,"35":0,"36":0,"37":0,"38":0,"39":0,"40":0,"41":0,"42":0,"43":0,"44":0,"45":0,"46":0,"47":0,"48":0,"49":0,"50":0,"51":0,"52":0,"53":0,"54":0,"55":0,"56":0,"57":0,"58":0,"59":0,"60":0,"61":0,"62":0,"63":0,"64":0,"65":0,"66":0,"67":0,"68":0,"69":0,"70":0,"71":0,"72":0,"73":0,"74":0,"75":0,"76":0,"77":0,"78":0,"79":0,"80":0,"81":0,"82":0,"83":0,"84":0,"85":0,"86":0,"87":0},"f":{"0":0,"1":0,"2":0,"3":0,"4":0,"5":0,"6":0,"7":0,"8":0,"9":0,"10":0,"11":0,"12":0,"13":0},"b":{"0":[0,0],"1":[0,0],"2":[0,0],"3":[0,0],"4":[0,0],"5":[0,0,0],"6":[0,0],"7":[0,0],"8":[0,0],"9":[0,0],"10":[0,0],"11":[0,0],"12":[0,0],"13":[0,0],"14":[0,0],"15":[0,0],"16":[0,0],"17":[0,0],"18":[0,0],"19":[0,0]},"_coverageSchema":"1a1c01bbd47fc00a2c39e90264f33305004495a9","hash":"3c581b9176afaf5a466c273aa8e5e540043e20fc"}
,"/Users/vishwajeet.mishra/personal/ecommerce-backend/src/models/category.js": {"path":"/Users/vishwajeet.mishra/personal/ecommerce-backend/src/models/category.js","statementMap":{"0":{"start":{"line":1,"column":22},"end":{"line":1,"column":58}},"1":{"start":{"line":3,"column":0},"end":{"line":11,"column":2}},"2":{"start":{"line":5,"column":12},"end":{"line":5,"column":67}},"3":{"start":{"line":6,"column":15},"end":{"line":6,"column":17}},"4":{"start":{"line":7,"column":2},"end":{"line":9,"column":5}},"5":{"start":{"line":8,"column":3},"end":{"line":8,"column":25}}},"fnMap":{"0":{"name":"(anonymous_0)","decl":{"start":{"line":4,"column":17},"end":{"line":4,"column":18}},"loc":{"start":{"line":4,"column":36},"end":{"line":10,"column":2}},"line":4},"1":{"name":"(anonymous_1)","decl":{"start":{"line":7,"column":42},"end":{"line":7,"column":43}},"loc":{"start":{"line":7,"column":64},"end":{"line":9,"column":3}},"line":7}},"branchMap":{},"s":{"0":3,"1":3,"2":2,"3":2,"4":2,"5":2},"f":{"0":2,"1":2},"b":{},"_coverageSchema":"1a1c01bbd47fc00a2c39e90264f33305004495a9","hash":"7bbf98221beea1e352c8d42f292d361ecc0fded1"}
,"/Users/vishwajeet.mishra/personal/ecommerce-backend/src/models/orderDetail.js": {"path":"/Users/vishwajeet.mishra/personal/ecommerce-backend/src/models/orderDetail.js","statementMap":{"0":{"start":{"line":1,"column":22},"end":{"line":1,"column":58}},"1":{"start":{"line":3,"column":0},"end":{"line":49,"column":2}},"2":{"start":{"line":5,"column":12},"end":{"line":5,"column":102}},"3":{"start":{"line":6,"column":15},"end":{"line":6,"column":17}},"4":{"start":{"line":7,"column":8},"end":{"line":7,"column":33}},"5":{"start":{"line":8,"column":2},"end":{"line":10,"column":5}},"6":{"start":{"line":9,"column":3},"end":{"line":9,"column":25}},"7":{"start":{"line":14,"column":12},"end":{"line":14,"column":120}},"8":{"start":{"line":15,"column":15},"end":{"line":15,"column":17}},"9":{"start":{"line":16,"column":2},"end":{"line":16,"column":26}},"10":{"start":{"line":17,"column":2},"end":{"line":17,"column":27}},"11":{"start":{"line":18,"column":2},"end":{"line":20,"column":5}},"12":{"start":{"line":19,"column":3},"end":{"line":19,"column":25}},"13":{"start":{"line":24,"column":12},"end":{"line":24,"column":96}},"14":{"start":{"line":25,"column":15},"end":{"line":25,"column":17}},"15":{"start":{"line":26,"column":2},"end":{"line":32,"column":3}},"16":{"start":{"line":27,"column":3},"end":{"line":27,"column":82}},"17":{"start":{"line":28,"column":3},"end":{"line":28,"column":18}},"18":{"start":{"line":30,"column":3},"end":{"line":30,"column":27}},"19":{"start":{"line":31,"column":3},"end":{"line":31,"column":18}},"20":{"start":{"line":33,"column":2},"end":{"line":33,"column":28}},"21":{"start":{"line":34,"column":2},"end":{"line":36,"column":5}},"22":{"start":{"line":35,"column":3},"end":{"line":35,"column":25}},"23":{"start":{"line":40,"column":12},"end":{"line":42,"column":97}},"24":{"start":{"line":43,"column":15},"end":{"line":43,"column":17}},"25":{"start":{"line":44,"column":8},"end":{"line":44,"column":33}},"26":{"start":{"line":45,"column":2},"end":{"line":47,"column":5}},"27":{"start":{"line":46,"column":3},"end":{"line":46,"column":25}}},"fnMap":{"0":{"name":"(anonymous_0)","decl":{"start":{"line":4,"column":18},"end":{"line":4,"column":19}},"loc":{"start":{"line":4,"column":43},"end":{"line":11,"column":2}},"line":4},"1":{"name":"(anonymous_1)","decl":{"start":{"line":8,"column":42},"end":{"line":8,"column":43}},"loc":{"start":{"line":8,"column":64},"end":{"line":10,"column":3}},"line":8},"2":{"name":"(anonymous_2)","decl":{"start":{"line":13,"column":11},"end":{"line":13,"column":12}},"loc":{"start":{"line":13,"column":36},"end":{"line":21,"column":2}},"line":13},"3":{"name":"(anonymous_3)","decl":{"start":{"line":18,"column":42},"end":{"line":18,"column":43}},"loc":{"start":{"line":18,"column":64},"end":{"line":20,"column":3}},"line":18},"4":{"name":"(anonymous_4)","decl":{"start":{"line":23,"column":12},"end":{"line":23,"column":13}},"loc":{"start":{"line":23,"column":37},"end":{"line":37,"column":2}},"line":23},"5":{"name":"(anonymous_5)","decl":{"start":{"line":34,"column":42},"end":{"line":34,"column":43}},"loc":{"start":{"line":34,"column":64},"end":{"line":36,"column":3}},"line":34},"6":{"name":"(anonymous_6)","decl":{"start":{"line":39,"column":18},"end":{"line":39,"column":19}},"loc":{"start":{"line":39,"column":43},"end":{"line":48,"column":2}},"line":39},"7":{"name":"(anonymous_7)","decl":{"start":{"line":45,"column":42},"end":{"line":45,"column":43}},"loc":{"start":{"line":45,"column":64},"end":{"line":47,"column":3}},"line":45}},"branchMap":{"0":{"loc":{"start":{"line":26,"column":2},"end":{"line":32,"column":3}},"type":"if","locations":[{"start":{"line":26,"column":2},"end":{"line":32,"column":3}},{"start":{"line":29,"column":9},"end":{"line":32,"column":3}}],"line":26}},"s":{"0":3,"1":3,"2":0,"3":0,"4":0,"5":0,"6":0,"7":0,"8":0,"9":0,"10":0,"11":0,"12":0,"13":0,"14":0,"15":0,"16":0,"17":0,"18":0,"19":0,"20":0,"21":0,"22":0,"23":0,"24":0,"25":0,"26":0,"27":0},"f":{"0":0,"1":0,"2":0,"3":0,"4":0,"5":0,"6":0,"7":0},"b":{"0":[0,0]},"_coverageSchema":"1a1c01bbd47fc00a2c39e90264f33305004495a9","hash":"dafea54f493affd6c016daa22a30de78424bcc1c"}
,"/Users/vishwajeet.mishra/personal/ecommerce-backend/src/models/orderItem.js": {"path":"/Users/vishwajeet.mishra/personal/ecommerce-backend/src/models/orderItem.js","statementMap":{"0":{"start":{"line":1,"column":22},"end":{"line":1,"column":58}},"1":{"start":{"line":3,"column":0},"end":{"line":35,"column":2}},"2":{"start":{"line":5,"column":12},"end":{"line":5,"column":120}},"3":{"start":{"line":6,"column":15},"end":{"line":6,"column":17}},"4":{"start":{"line":7,"column":2},"end":{"line":7,"column":28}},"5":{"start":{"line":8,"column":2},"end":{"line":8,"column":30}},"6":{"start":{"line":9,"column":8},"end":{"line":9,"column":35}},"7":{"start":{"line":10,"column":2},"end":{"line":12,"column":5}},"8":{"start":{"line":11,"column":3},"end":{"line":11,"column":25}},"9":{"start":{"line":16,"column":12},"end":{"line":16,"column":103}},"10":{"start":{"line":17,"column":15},"end":{"line":17,"column":17}},"11":{"start":{"line":18,"column":8},"end":{"line":18,"column":35}},"12":{"start":{"line":19,"column":8},"end":{"line":19,"column":34}},"13":{"start":{"line":20,"column":2},"end":{"line":20,"column":30}},"14":{"start":{"line":21,"column":2},"end":{"line":23,"column":5}},"15":{"start":{"line":22,"column":3},"end":{"line":22,"column":25}},"16":{"start":{"line":27,"column":12},"end":{"line":27,"column":72}},"17":{"start":{"line":28,"column":15},"end":{"line":28,"column":17}},"18":{"start":{"line":29,"column":2},"end":{"line":29,"column":28}},"19":{"start":{"line":30,"column":2},"end":{"line":30,"column":30}},"20":{"start":{"line":31,"column":2},"end":{"line":33,"column":5}},"21":{"start":{"line":32,"column":3},"end":{"line":32,"column":25}}},"fnMap":{"0":{"name":"(anonymous_0)","decl":{"start":{"line":4,"column":15},"end":{"line":4,"column":16}},"loc":{"start":{"line":4,"column":40},"end":{"line":13,"column":2}},"line":4},"1":{"name":"(anonymous_1)","decl":{"start":{"line":10,"column":42},"end":{"line":10,"column":43}},"loc":{"start":{"line":10,"column":64},"end":{"line":12,"column":3}},"line":10},"2":{"name":"(anonymous_2)","decl":{"start":{"line":15,"column":16},"end":{"line":15,"column":17}},"loc":{"start":{"line":15,"column":41},"end":{"line":24,"column":2}},"line":15},"3":{"name":"(anonymous_3)","decl":{"start":{"line":21,"column":42},"end":{"line":21,"column":43}},"loc":{"start":{"line":21,"column":64},"end":{"line":23,"column":3}},"line":21},"4":{"name":"(anonymous_4)","decl":{"start":{"line":26,"column":18},"end":{"line":26,"column":19}},"loc":{"start":{"line":26,"column":43},"end":{"line":34,"column":2}},"line":26},"5":{"name":"(anonymous_5)","decl":{"start":{"line":31,"column":42},"end":{"line":31,"column":43}},"loc":{"start":{"line":31,"column":64},"end":{"line":33,"column":3}},"line":31}},"branchMap":{},"s":{"0":3,"1":3,"2":0,"3":0,"4":0,"5":0,"6":0,"7":0,"8":0,"9":0,"10":0,"11":0,"12":0,"13":0,"14":0,"15":0,"16":0,"17":0,"18":0,"19":0,"20":0,"21":0},"f":{"0":0,"1":0,"2":0,"3":0,"4":0,"5":0},"b":{},"_coverageSchema":"1a1c01bbd47fc00a2c39e90264f33305004495a9","hash":"52dccee6276e5f5168633fe9f239c86767b4676e"}
,"/Users/vishwajeet.mishra/personal/ecommerce-backend/src/models/product.js": {"path":"/Users/vishwajeet.mishra/personal/ecommerce-backend/src/models/product.js","statementMap":{"0":{"start":{"line":1,"column":22},"end":{"line":1,"column":58}},"1":{"start":{"line":3,"column":0},"end":{"line":66,"column":2}},"2":{"start":{"line":5,"column":12},"end":{"line":5,"column":80}},"3":{"start":{"line":6,"column":15},"end":{"line":6,"column":17}},"4":{"start":{"line":7,"column":2},"end":{"line":34,"column":3}},"5":{"start":{"line":8,"column":3},"end":{"line":8,"column":33}},"6":{"start":{"line":9,"column":3},"end":{"line":9,"column":32}},"7":{"start":{"line":10,"column":3},"end":{"line":12,"column":4}},"8":{"start":{"line":11,"column":4},"end":{"line":11,"column":53}},"9":{"start":{"line":13,"column":3},"end":{"line":15,"column":4}},"10":{"start":{"line":14,"column":4},"end":{"line":14,"column":58}},"11":{"start":{"line":16,"column":3},"end":{"line":18,"column":4}},"12":{"start":{"line":17,"column":4},"end":{"line":17,"column":58}},"13":{"start":{"line":19,"column":9},"end":{"line":34,"column":3}},"14":{"start":{"line":20,"column":3},"end":{"line":20,"column":54}},"15":{"start":{"line":21,"column":3},"end":{"line":23,"column":4}},"16":{"start":{"line":22,"column":4},"end":{"line":22,"column":58}},"17":{"start":{"line":24,"column":3},"end":{"line":26,"column":4}},"18":{"start":{"line":25,"column":4},"end":{"line":25,"column":58}},"19":{"start":{"line":27,"column":9},"end":{"line":34,"column":3}},"20":{"start":{"line":28,"column":3},"end":{"line":28,"column":59}},"21":{"start":{"line":29,"column":3},"end":{"line":31,"column":4}},"22":{"start":{"line":30,"column":4},"end":{"line":30,"column":58}},"23":{"start":{"line":32,"column":9},"end":{"line":34,"column":3}},"24":{"start":{"line":33,"column":3},"end":{"line":33,"column":59}},"25":{"start":{"line":36,"column":2},"end":{"line":38,"column":5}},"26":{"start":{"line":37,"column":3},"end":{"line":37,"column":25}},"27":{"start":{"line":42,"column":12},"end":{"line":43,"column":43}},"28":{"start":{"line":44,"column":15},"end":{"line":44,"column":17}},"29":{"start":{"line":45,"column":2},"end":{"line":45,"column":25}},"30":{"start":{"line":46,"column":2},"end":{"line":46,"column":26}},"31":{"start":{"line":47,"column":2},"end":{"line":47,"column":32}},"32":{"start":{"line":48,"column":2},"end":{"line":48,"column":31}},"33":{"start":{"line":49,"column":2},"end":{"line":49,"column":29}},"34":{"start":{"line":50,"column":2},"end":{"line":52,"column":5}},"35":{"start":{"line":51,"column":3},"end":{"line":51,"column":25}},"36":{"start":{"line":56,"column":12},"end":{"line":58,"column":118}},"37":{"start":{"line":59,"column":15},"end":{"line":59,"column":17}},"38":{"start":{"line":60,"column":2},"end":{"line":60,"column":27}},"39":{"start":{"line":61,"column":8},"end":{"line":61,"column":36}},"40":{"start":{"line":62,"column":2},"end":{"line":64,"column":5}},"41":{"start":{"line":63,"column":3},"end":{"line":63,"column":25}}},"fnMap":{"0":{"name":"(anonymous_0)","decl":{"start":{"line":4,"column":15},"end":{"line":4,"column":16}},"loc":{"start":{"line":4,"column":40},"end":{"line":39,"column":2}},"line":4},"1":{"name":"(anonymous_1)","decl":{"start":{"line":36,"column":42},"end":{"line":36,"column":43}},"loc":{"start":{"line":36,"column":64},"end":{"line":38,"column":3}},"line":36},"2":{"name":"(anonymous_2)","decl":{"start":{"line":41,"column":13},"end":{"line":41,"column":14}},"loc":{"start":{"line":41,"column":38},"end":{"line":53,"column":2}},"line":41},"3":{"name":"(anonymous_3)","decl":{"start":{"line":50,"column":42},"end":{"line":50,"column":43}},"loc":{"start":{"line":50,"column":64},"end":{"line":52,"column":3}},"line":50},"4":{"name":"(anonymous_4)","decl":{"start":{"line":55,"column":20},"end":{"line":55,"column":21}},"loc":{"start":{"line":55,"column":45},"end":{"line":65,"column":2}},"line":55},"5":{"name":"(anonymous_5)","decl":{"start":{"line":62,"column":42},"end":{"line":62,"column":43}},"loc":{"start":{"line":62,"column":64},"end":{"line":64,"column":3}},"line":62}},"branchMap":{"0":{"loc":{"start":{"line":7,"column":2},"end":{"line":34,"column":3}},"type":"if","locations":[{"start":{"line":7,"column":2},"end":{"line":34,"column":3}},{"start":{"line":19,"column":9},"end":{"line":34,"column":3}}],"line":7},"1":{"loc":{"start":{"line":10,"column":3},"end":{"line":12,"column":4}},"type":"if","locations":[{"start":{"line":10,"column":3},"end":{"line":12,"column":4}},{"start":{},"end":{}}],"line":10},"2":{"loc":{"start":{"line":13,"column":3},"end":{"line":15,"column":4}},"type":"if","locations":[{"start":{"line":13,"column":3},"end":{"line":15,"column":4}},{"start":{},"end":{}}],"line":13},"3":{"loc":{"start":{"line":16,"column":3},"end":{"line":18,"column":4}},"type":"if","locations":[{"start":{"line":16,"column":3},"end":{"line":18,"column":4}},{"start":{},"end":{}}],"line":16},"4":{"loc":{"start":{"line":16,"column":6},"end":{"line":16,"column":54}},"type":"binary-expr","locations":[{"start":{"line":16,"column":6},"end":{"line":16,"column":19}},{"start":{"line":16,"column":23},"end":{"line":16,"column":54}}],"line":16},"5":{"loc":{"start":{"line":19,"column":9},"end":{"line":34,"column":3}},"type":"if","locations":[{"start":{"line":19,"column":9},"end":{"line":34,"column":3}},{"start":{"line":27,"column":9},"end":{"line":34,"column":3}}],"line":19},"6":{"loc":{"start":{"line":21,"column":3},"end":{"line":23,"column":4}},"type":"if","locations":[{"start":{"line":21,"column":3},"end":{"line":23,"column":4}},{"start":{},"end":{}}],"line":21},"7":{"loc":{"start":{"line":24,"column":3},"end":{"line":26,"column":4}},"type":"if","locations":[{"start":{"line":24,"column":3},"end":{"line":26,"column":4}},{"start":{},"end":{}}],"line":24},"8":{"loc":{"start":{"line":24,"column":6},"end":{"line":24,"column":54}},"type":"binary-expr","locations":[{"start":{"line":24,"column":6},"end":{"line":24,"column":19}},{"start":{"line":24,"column":23},"end":{"line":24,"column":54}}],"line":24},"9":{"loc":{"start":{"line":27,"column":9},"end":{"line":34,"column":3}},"type":"if","locations":[{"start":{"line":27,"column":9},"end":{"line":34,"column":3}},{"start":{"line":32,"column":9},"end":{"line":34,"column":3}}],"line":27},"10":{"loc":{"start":{"line":29,"column":3},"end":{"line":31,"column":4}},"type":"if","locations":[{"start":{"line":29,"column":3},"end":{"line":31,"column":4}},{"start":{},"end":{}}],"line":29},"11":{"loc":{"start":{"line":29,"column":6},"end":{"line":29,"column":54}},"type":"binary-expr","locations":[{"start":{"line":29,"column":6},"end":{"line":29,"column":19}},{"start":{"line":29,"column":23},"end":{"line":29,"column":54}}],"line":29},"12":{"loc":{"start":{"line":32,"column":9},"end":{"line":34,"column":3}},"type":"if","locations":[{"start":{"line":32,"column":9},"end":{"line":34,"column":3}},{"start":{},"end":{}}],"line":32},"13":{"loc":{"start":{"line":32,"column":12},"end":{"line":32,"column":60}},"type":"binary-expr","locations":[{"start":{"line":32,"column":12},"end":{"line":32,"column":25}},{"start":{"line":32,"column":29},"end":{"line":32,"column":60}}],"line":32}},"s":{"0":3,"1":3,"2":1,"3":1,"4":1,"5":1,"6":1,"7":1,"8":0,"9":1,"10":0,"11":1,"12":1,"13":0,"14":0,"15":0,"16":0,"17":0,"18":0,"19":0,"20":0,"21":0,"22":0,"23":0,"24":0,"25":1,"26":1,"27":1,"28":1,"29":1,"30":1,"31":1,"32":1,"33":1,"34":1,"35":1,"36":1,"37":1,"38":1,"39":1,"40":1,"41":1},"f":{"0":1,"1":1,"2":1,"3":1,"4":1,"5":1},"b":{"0":[1,0],"1":[0,1],"2":[0,1],"3":[1,0],"4":[1,1],"5":[0,0],"6":[0,0],"7":[0,0],"8":[0,0],"9":[0,0],"10":[0,0],"11":[0,0],"12":[0,0],"13":[0,0]},"_coverageSchema":"1a1c01bbd47fc00a2c39e90264f33305004495a9","hash":"14d348320146155fba9dc46fa599f1aaede6b6c4"}
,"/Users/vishwajeet.mishra/personal/ecommerce-backend/src/models/user.js": {"path":"/Users/vishwajeet.mishra/personal/ecommerce-backend/src/models/user.js","statementMap":{"0":{"start":{"line":1,"column":22},"end":{"line":1,"column":58}},"1":{"start":{"line":4,"column":4},"end":{"line":4,"column":41}},"2":{"start":{"line":6,"column":0},"end":{"line":68,"column":2}},"3":{"start":{"line":8,"column":12},"end":{"line":8,"column":100}},"4":{"start":{"line":9,"column":15},"end":{"line":9,"column":17}},"5":{"start":{"line":10,"column":2},"end":{"line":10,"column":29}},"6":{"start":{"line":11,"column":2},"end":{"line":11,"column":29}},"7":{"start":{"line":12,"column":2},"end":{"line":14,"column":5}},"8":{"start":{"line":13,"column":3},"end":{"line":13,"column":25}},"9":{"start":{"line":18,"column":12},"end":{"line":18,"column":115}},"10":{"start":{"line":19,"column":15},"end":{"line":19,"column":17}},"11":{"start":{"line":20,"column":2},"end":{"line":20,"column":29}},"12":{"start":{"line":21,"column":2},"end":{"line":21,"column":29}},"13":{"start":{"line":22,"column":2},"end":{"line":22,"column":39}},"14":{"start":{"line":23,"column":2},"end":{"line":25,"column":5}},"15":{"start":{"line":24,"column":3},"end":{"line":24,"column":25}},"16":{"start":{"line":29,"column":12},"end":{"line":29,"column":52}},"17":{"start":{"line":30,"column":15},"end":{"line":30,"column":17}},"18":{"start":{"line":31,"column":2},"end":{"line":31,"column":29}},"19":{"start":{"line":32,"column":2},"end":{"line":34,"column":5}},"20":{"start":{"line":33,"column":3},"end":{"line":33,"column":25}},"21":{"start":{"line":38,"column":12},"end":{"line":38,"column":113}},"22":{"start":{"line":39,"column":15},"end":{"line":39,"column":17}},"23":{"start":{"line":40,"column":2},"end":{"line":40,"column":26}},"24":{"start":{"line":41,"column":2},"end":{"line":41,"column":24}},"25":{"start":{"line":42,"column":2},"end":{"line":42,"column":29}},"26":{"start":{"line":43,"column":2},"end":{"line":45,"column":5}},"27":{"start":{"line":44,"column":3},"end":{"line":44,"column":25}},"28":{"start":{"line":49,"column":12},"end":{"line":50,"column":69}},"29":{"start":{"line":51,"column":15},"end":{"line":51,"column":17}},"30":{"start":{"line":52,"column":2},"end":{"line":52,"column":27}},"31":{"start":{"line":53,"column":2},"end":{"line":55,"column":5}},"32":{"start":{"line":54,"column":3},"end":{"line":54,"column":25}},"33":{"start":{"line":59,"column":12},"end":{"line":61,"column":106}},"34":{"start":{"line":62,"column":15},"end":{"line":62,"column":17}},"35":{"start":{"line":63,"column":8},"end":{"line":63,"column":33}},"36":{"start":{"line":64,"column":2},"end":{"line":66,"column":5}},"37":{"start":{"line":65,"column":3},"end":{"line":65,"column":25}}},"fnMap":{"0":{"name":"(anonymous_0)","decl":{"start":{"line":7,"column":8},"end":{"line":7,"column":9}},"loc":{"start":{"line":7,"column":33},"end":{"line":15,"column":2}},"line":7},"1":{"name":"(anonymous_1)","decl":{"start":{"line":12,"column":42},"end":{"line":12,"column":43}},"loc":{"start":{"line":12,"column":64},"end":{"line":14,"column":3}},"line":12},"2":{"name":"(anonymous_2)","decl":{"start":{"line":17,"column":9},"end":{"line":17,"column":10}},"loc":{"start":{"line":17,"column":34},"end":{"line":26,"column":2}},"line":17},"3":{"name":"(anonymous_3)","decl":{"start":{"line":23,"column":42},"end":{"line":23,"column":43}},"loc":{"start":{"line":23,"column":64},"end":{"line":25,"column":3}},"line":23},"4":{"name":"(anonymous_4)","decl":{"start":{"line":28,"column":17},"end":{"line":28,"column":18}},"loc":{"start":{"line":28,"column":42},"end":{"line":35,"column":2}},"line":28},"5":{"name":"(anonymous_5)","decl":{"start":{"line":32,"column":42},"end":{"line":32,"column":43}},"loc":{"start":{"line":32,"column":64},"end":{"line":34,"column":3}},"line":32},"6":{"name":"(anonymous_6)","decl":{"start":{"line":37,"column":19},"end":{"line":37,"column":20}},"loc":{"start":{"line":37,"column":44},"end":{"line":46,"column":2}},"line":37},"7":{"name":"(anonymous_7)","decl":{"start":{"line":43,"column":42},"end":{"line":43,"column":43}},"loc":{"start":{"line":43,"column":64},"end":{"line":45,"column":3}},"line":43},"8":{"name":"(anonymous_8)","decl":{"start":{"line":48,"column":19},"end":{"line":48,"column":20}},"loc":{"start":{"line":48,"column":44},"end":{"line":56,"column":2}},"line":48},"9":{"name":"(anonymous_9)","decl":{"start":{"line":53,"column":42},"end":{"line":53,"column":43}},"loc":{"start":{"line":53,"column":64},"end":{"line":55,"column":3}},"line":53},"10":{"name":"(anonymous_10)","decl":{"start":{"line":58,"column":20},"end":{"line":58,"column":21}},"loc":{"start":{"line":58,"column":45},"end":{"line":67,"column":2}},"line":58},"11":{"name":"(anonymous_11)","decl":{"start":{"line":64,"column":42},"end":{"line":64,"column":43}},"loc":{"start":{"line":64,"column":64},"end":{"line":66,"column":3}},"line":64}},"branchMap":{},"s":{"0":3,"1":3,"2":3,"3":0,"4":0,"5":0,"6":0,"7":0,"8":0,"9":0,"10":0,"11":0,"12":0,"13":0,"14":0,"15":0,"16":0,"17":0,"18":0,"19":0,"20":0,"21":0,"22":0,"23":0,"24":0,"25":0,"26":0,"27":0,"28":0,"29":0,"30":0,"31":0,"32":0,"33":0,"34":0,"35":0,"36":0,"37":0},"f":{"0":0,"1":0,"2":0,"3":0,"4":0,"5":0,"6":0,"7":0,"8":0,"9":0,"10":0,"11":0},"b":{},"_coverageSchema":"1a1c01bbd47fc00a2c39e90264f33305004495a9","hash":"8068f5a7b00d348d7450d52bf003ffe1f8b26f99"}
,"/Users/vishwajeet.mishra/personal/ecommerce-backend/src/services/sqlConnection.js": {"path":"/Users/vishwajeet.mishra/personal/ecommerce-backend/src/services/sqlConnection.js","statementMap":{"0":{"start":{"line":1,"column":14},"end":{"line":1,"column":30}},"1":{"start":{"line":2,"column":15},"end":{"line":2,"column":52}},"2":{"start":{"line":3,"column":11},"end":{"line":3,"column":47}},"3":{"start":{"line":5,"column":0},"end":{"line":18,"column":2}},"4":{"start":{"line":7,"column":2},"end":{"line":16,"column":5}},"5":{"start":{"line":8,"column":3},"end":{"line":15,"column":4}},"6":{"start":{"line":9,"column":4},"end":{"line":9,"column":18}},"7":{"start":{"line":11,"column":4},"end":{"line":14,"column":7}},"8":{"start":{"line":12,"column":5},"end":{"line":12,"column":26}},"9":{"start":{"line":13,"column":5},"end":{"line":13,"column":29}}},"fnMap":{"0":{"name":"(anonymous_0)","decl":{"start":{"line":6,"column":15},"end":{"line":6,"column":16}},"loc":{"start":{"line":6,"column":46},"end":{"line":17,"column":2}},"line":6},"1":{"name":"(anonymous_1)","decl":{"start":{"line":7,"column":21},"end":{"line":7,"column":22}},"loc":{"start":{"line":7,"column":48},"end":{"line":16,"column":3}},"line":7},"2":{"name":"(anonymous_2)","decl":{"start":{"line":11,"column":32},"end":{"line":11,"column":33}},"loc":{"start":{"line":11,"column":57},"end":{"line":14,"column":5}},"line":11}},"branchMap":{"0":{"loc":{"start":{"line":8,"column":3},"end":{"line":15,"column":4}},"type":"if","locations":[{"start":{"line":8,"column":3},"end":{"line":15,"column":4}},{"start":{"line":10,"column":10},"end":{"line":15,"column":4}}],"line":8}},"s":{"0":3,"1":3,"2":3,"3":3,"4":5,"5":5,"6":0,"7":5,"8":5,"9":5},"f":{"0":5,"1":5,"2":5},"b":{"0":[0,5]},"_coverageSchema":"1a1c01bbd47fc00a2c39e90264f33305004495a9","hash":"1ade8fcf3ba4f7b9d911c9218c90155de5aba1e5"}
}
