{"total": {"lines":{"total":453,"covered":147,"skipped":0,"pct":32.45},"statements":{"total":453,"covered":147,"skipped":0,"pct":32.45},"functions":{"total":81,"covered":20,"skipped":0,"pct":24.69},"branches":{"total":146,"covered":20,"skipped":0,"pct":13.69},"branchesTrue":{"total":0,"covered":0,"skipped":0,"pct":100}}
,"/Users/vishwajeet.mishra/personal/ecommerce-backend/app.js": {"lines":{"total":27,"covered":22,"skipped":0,"pct":81.48},"functions":{"total":2,"covered":0,"skipped":0,"pct":0},"statements":{"total":27,"covered":22,"skipped":0,"pct":81.48},"branches":{"total":4,"covered":0,"skipped":0,"pct":0}}
,"/Users/vishwajeet.mishra/personal/ecommerce-backend/routes/index.js": {"lines":{"total":5,"covered":5,"skipped":0,"pct":100},"functions":{"total":1,"covered":1,"skipped":0,"pct":100},"statements":{"total":5,"covered":5,"skipped":0,"pct":100},"branches":{"total":0,"covered":0,"skipped":0,"pct":100}}
,"/Users/vishwajeet.mishra/personal/ecommerce-backend/routes/api/index.js": {"lines":{"total":5,"covered":5,"skipped":0,"pct":100},"functions":{"total":0,"covered":0,"skipped":0,"pct":100},"statements":{"total":5,"covered":5,"skipped":0,"pct":100},"branches":{"total":0,"covered":0,"skipped":0,"pct":100}}
,"/Users/vishwajeet.mishra/personal/ecommerce-backend/routes/api/v1/index.js": {"lines":{"total":18,"covered":18,"skipped":0,"pct":100},"functions":{"total":0,"covered":0,"skipped":0,"pct":100},"statements":{"total":18,"covered":18,"skipped":0,"pct":100},"branches":{"total":0,"covered":0,"skipped":0,"pct":100}}
,"/Users/vishwajeet.mishra/personal/ecommerce-backend/src/constants/backendConfig.js": {"lines":{"total":1,"covered":1,"skipped":0,"pct":100},"functions":{"total":0,"covered":0,"skipped":0,"pct":100},"statements":{"total":1,"covered":1,"skipped":0,"pct":100},"branches":{"total":0,"covered":0,"skipped":0,"pct":100}}
,"/Users/vishwajeet.mishra/personal/ecommerce-backend/src/controllers/categoryController.js": {"lines":{"total":11,"covered":10,"skipped":0,"pct":90.9},"functions":{"total":2,"covered":2,"skipped":0,"pct":100},"statements":{"total":11,"covered":10,"skipped":0,"pct":90.9},"branches":{"total":2,"covered":1,"skipped":0,"pct":50}}
,"/Users/vishwajeet.mishra/personal/ecommerce-backend/src/controllers/orderController.js": {"lines":{"total":115,"covered":5,"skipped":0,"pct":4.34},"functions":{"total":19,"covered":0,"skipped":0,"pct":0},"statements":{"total":115,"covered":5,"skipped":0,"pct":4.34},"branches":{"total":50,"covered":0,"skipped":0,"pct":0}}
,"/Users/vishwajeet.mishra/personal/ecommerce-backend/src/controllers/productController.js": {"lines":{"total":37,"covered":28,"skipped":0,"pct":75.67},"functions":{"total":6,"covered":6,"skipped":0,"pct":100},"statements":{"total":37,"covered":28,"skipped":0,"pct":75.67},"branches":{"total":17,"covered":12,"skipped":0,"pct":70.58}}
,"/Users/vishwajeet.mishra/personal/ecommerce-backend/src/controllers/userController.js": {"lines":{"total":88,"covered":3,"skipped":0,"pct":3.4},"functions":{"total":14,"covered":0,"skipped":0,"pct":0},"statements":{"total":88,"covered":3,"skipped":0,"pct":3.4},"branches":{"total":41,"covered":0,"skipped":0,"pct":0}}
,"/Users/vishwajeet.mishra/personal/ecommerce-backend/src/models/category.js": {"lines":{"total":6,"covered":6,"skipped":0,"pct":100},"functions":{"total":2,"covered":2,"skipped":0,"pct":100},"statements":{"total":6,"covered":6,"skipped":0,"pct":100},"branches":{"total":0,"covered":0,"skipped":0,"pct":100}}
,"/Users/vishwajeet.mishra/personal/ecommerce-backend/src/models/orderDetail.js": {"lines":{"total":28,"covered":2,"skipped":0,"pct":7.14},"functions":{"total":8,"covered":0,"skipped":0,"pct":0},"statements":{"total":28,"covered":2,"skipped":0,"pct":7.14},"branches":{"total":2,"covered":0,"skipped":0,"pct":0}}
,"/Users/vishwajeet.mishra/personal/ecommerce-backend/src/models/orderItem.js": {"lines":{"total":22,"covered":2,"skipped":0,"pct":9.09},"functions":{"total":6,"covered":0,"skipped":0,"pct":0},"statements":{"total":22,"covered":2,"skipped":0,"pct":9.09},"branches":{"total":0,"covered":0,"skipped":0,"pct":100}}
,"/Users/vishwajeet.mishra/personal/ecommerce-backend/src/models/product.js": {"lines":{"total":42,"covered":28,"skipped":0,"pct":66.66},"functions":{"total":6,"covered":6,"skipped":0,"pct":100},"statements":{"total":42,"covered":28,"skipped":0,"pct":66.66},"branches":{"total":28,"covered":6,"skipped":0,"pct":21.42}}
,"/Users/vishwajeet.mishra/personal/ecommerce-backend/src/models/user.js": {"lines":{"total":38,"covered":3,"skipped":0,"pct":7.89},"functions":{"total":12,"covered":0,"skipped":0,"pct":0},"statements":{"total":38,"covered":3,"skipped":0,"pct":7.89},"branches":{"total":0,"covered":0,"skipped":0,"pct":100}}
,"/Users/vishwajeet.mishra/personal/ecommerce-backend/src/services/sqlConnection.js": {"lines":{"total":10,"covered":9,"skipped":0,"pct":90},"functions":{"total":3,"covered":3,"skipped":0,"pct":100},"statements":{"total":10,"covered":9,"skipped":0,"pct":90},"branches":{"total":2,"covered":1,"skipped":0,"pct":50}}
}
