TN:
SF:app.js
FN:28,(anonymous_0)
FN:33,(anonymous_1)
FNF:2
FNH:0
FNDA:0,(anonymous_0)
FNDA:0,(anonymous_1)
DA:1,2
DA:2,2
DA:3,2
DA:4,2
DA:5,2
DA:6,2
DA:8,2
DA:9,2
DA:11,2
DA:14,2
DA:15,2
DA:17,2
DA:18,2
DA:19,2
DA:20,2
DA:21,2
DA:22,2
DA:24,2
DA:25,2
DA:28,2
DA:29,0
DA:33,2
DA:35,0
DA:36,0
DA:39,0
DA:40,0
DA:43,2
LF:27
LH:22
BRDA:36,0,0,0
BRDA:36,0,1,0
BRDA:39,1,0,0
BRDA:39,1,1,0
BRF:4
BRH:0
end_of_record
TN:
SF:routes/index.js
FN:5,(anonymous_0)
FNF:1
FNH:1
FNDA:1,(anonymous_0)
DA:1,2
DA:2,2
DA:5,2
DA:6,1
DA:9,2
LF:5
LH:5
BRF:0
BRH:0
end_of_record
TN:
SF:routes/api/index.js
FNF:0
FNH:0
DA:1,2
DA:2,2
DA:3,2
DA:5,2
DA:7,2
LF:5
LH:5
BRF:0
BRH:0
end_of_record
TN:
SF:routes/api/v1/index.js
FNF:0
FNH:0
DA:1,2
DA:2,2
DA:3,2
DA:4,2
DA:5,2
DA:6,2
DA:8,2
DA:9,2
DA:10,2
DA:11,2
DA:12,2
DA:13,2
DA:14,2
DA:15,2
DA:16,2
DA:17,2
DA:18,2
DA:20,2
LF:18
LH:18
BRF:0
BRH:0
end_of_record
TN:
SF:src/constants/backendConfig.js
FNF:0
FNH:0
DA:1,6
LF:1
LH:1
BRF:0
BRH:0
end_of_record
TN:
SF:src/controllers/categoryController.js
FN:7,(anonymous_0)
FN:12,(anonymous_1)
FNF:2
FNH:2
FNDA:3,(anonymous_0)
FNDA:3,(anonymous_1)
DA:1,3
DA:4,3
DA:6,3
DA:8,3
DA:12,3
DA:13,3
DA:14,1
DA:16,2
DA:17,2
DA:18,2
DA:19,2
LF:11
LH:11
BRDA:13,0,0,1
BRDA:13,0,1,2
BRF:2
BRH:2
end_of_record
TN:
SF:src/controllers/orderController.js
FN:9,(anonymous_0)
FN:17,(anonymous_1)
FN:22,(anonymous_2)
FN:30,(anonymous_3)
FN:36,(anonymous_4)
FN:51,(anonymous_5)
FN:57,(anonymous_6)
FN:78,(anonymous_7)
FN:85,(anonymous_8)
FN:98,(anonymous_9)
FN:115,(anonymous_10)
FN:126,(anonymous_11)
FN:136,(anonymous_12)
FN:141,(anonymous_13)
FN:147,(anonymous_14)
FN:153,(anonymous_15)
FN:164,(anonymous_16)
FN:170,(anonymous_17)
FN:176,(anonymous_18)
FNF:19
FNH:19
FNDA:11,(anonymous_0)
FNDA:10,(anonymous_1)
FNDA:9,(anonymous_2)
FNDA:5,(anonymous_3)
FNDA:3,(anonymous_4)
FNDA:3,(anonymous_5)
FNDA:2,(anonymous_6)
FNDA:4,(anonymous_7)
FNDA:3,(anonymous_8)
FNDA:71,(anonymous_9)
FNDA:11,(anonymous_10)
FNDA:2,(anonymous_11)
FNDA:7,(anonymous_12)
FNDA:6,(anonymous_13)
FNDA:3,(anonymous_14)
FNDA:2,(anonymous_15)
FNDA:2,(anonymous_16)
FNDA:1,(anonymous_17)
FNDA:1,(anonymous_18)
DA:1,3
DA:2,3
DA:3,3
DA:6,3
DA:8,3
DA:10,11
DA:11,11
DA:15,11
DA:16,10
DA:17,10
DA:18,10
DA:19,1
DA:20,1
DA:22,9
DA:23,9
DA:24,1
DA:25,1
DA:27,8
DA:28,5
DA:29,5
DA:30,5
DA:31,5
DA:32,2
DA:33,2
DA:35,3
DA:36,3
DA:37,3
DA:38,1
DA:39,1
DA:41,2
DA:42,2
DA:43,2
DA:46,2
DA:50,3
DA:51,3
DA:52,3
DA:53,1
DA:54,1
DA:56,2
DA:57,2
DA:58,2
DA:59,1
DA:60,1
DA:62,1
DA:63,1
DA:64,1
DA:67,1
DA:74,1
DA:79,4
DA:80,4
DA:84,4
DA:85,3
DA:86,3
DA:87,1
DA:88,1
DA:90,2
DA:91,2
DA:92,2
DA:93,2
DA:98,2
DA:99,71
DA:105,71
DA:108,2
DA:111,1
DA:116,11
DA:117,11
DA:121,11
DA:122,3
DA:124,11
DA:125,9
DA:126,2
DA:127,2
DA:128,1
DA:129,1
DA:131,1
DA:132,1
DA:133,1
DA:136,7
DA:137,7
DA:138,1
DA:139,1
DA:141,6
DA:142,6
DA:143,1
DA:144,1
DA:146,5
DA:147,3
DA:148,3
DA:149,1
DA:150,1
DA:152,2
DA:153,2
DA:154,2
DA:155,1
DA:156,1
DA:158,1
DA:159,1
DA:160,1
DA:164,2
DA:165,2
DA:166,1
DA:167,1
DA:169,1
DA:170,1
DA:171,1
DA:172,0
DA:175,1
DA:176,1
DA:177,1
DA:178,0
DA:179,0
DA:181,1
DA:182,1
DA:183,1
DA:191,2
LF:115
LH:112
BRDA:15,0,0,10
BRDA:15,0,1,1
BRDA:15,1,0,11
BRDA:15,1,1,10
BRDA:18,2,0,1
BRDA:18,2,1,9
BRDA:23,3,0,1
BRDA:23,3,1,8
BRDA:27,4,0,5
BRDA:27,4,1,3
BRDA:31,5,0,2
BRDA:31,5,1,3
BRDA:37,6,0,1
BRDA:37,6,1,2
BRDA:52,7,0,1
BRDA:52,7,1,2
BRDA:58,8,0,1
BRDA:58,8,1,1
BRDA:84,9,0,3
BRDA:84,9,1,1
BRDA:86,10,0,1
BRDA:86,10,1,2
BRDA:92,11,0,2
BRDA:92,11,1,0
BRDA:121,12,0,3
BRDA:121,12,1,8
BRDA:124,13,0,9
BRDA:124,13,1,2
BRDA:124,14,0,11
BRDA:124,14,1,9
BRDA:125,15,0,2
BRDA:125,15,1,7
BRDA:127,16,0,1
BRDA:127,16,1,1
BRDA:137,17,0,1
BRDA:137,17,1,6
BRDA:142,18,0,1
BRDA:142,18,1,5
BRDA:146,19,0,3
BRDA:146,19,1,2
BRDA:148,20,0,1
BRDA:148,20,1,2
BRDA:154,21,0,1
BRDA:154,21,1,1
BRDA:165,22,0,1
BRDA:165,22,1,1
BRDA:171,23,0,0
BRDA:171,23,1,1
BRDA:177,24,0,0
BRDA:177,24,1,1
BRF:50
BRH:47
end_of_record
TN:
SF:src/controllers/productController.js
FN:7,(anonymous_0)
FN:13,(anonymous_1)
FN:25,(anonymous_2)
FN:32,(anonymous_3)
FN:46,(anonymous_4)
FN:53,(anonymous_5)
FNF:6
FNH:6
FNDA:3,(anonymous_0)
FNDA:3,(anonymous_1)
FNDA:4,(anonymous_2)
FNDA:3,(anonymous_3)
FNDA:4,(anonymous_4)
FNDA:3,(anonymous_5)
DA:1,3
DA:4,3
DA:6,3
DA:8,3
DA:9,3
DA:13,3
DA:14,3
DA:15,1
DA:16,1
DA:18,2
DA:19,2
DA:20,2
DA:21,2
DA:26,4
DA:27,4
DA:31,4
DA:32,3
DA:33,3
DA:34,1
DA:35,1
DA:37,2
DA:38,2
DA:39,2
DA:42,1
DA:47,4
DA:48,4
DA:52,4
DA:53,3
DA:54,3
DA:55,1
DA:56,1
DA:58,2
DA:59,2
DA:60,2
DA:61,2
DA:64,1
LF:36
LH:36
BRDA:14,0,0,1
BRDA:14,0,1,2
BRDA:31,1,0,3
BRDA:31,1,1,1
BRDA:31,2,0,4
BRDA:31,2,1,4
BRDA:31,2,2,4
BRDA:31,2,3,4
BRDA:31,2,4,4
BRDA:33,3,0,1
BRDA:33,3,1,2
BRDA:52,4,0,3
BRDA:52,4,1,1
BRDA:52,5,0,4
BRDA:52,5,1,4
BRDA:54,6,0,1
BRDA:54,6,1,2
BRF:17
BRH:17
end_of_record
TN:
SF:src/controllers/userController.js
FN:7,(anonymous_0)
FN:14,(anonymous_1)
FN:37,(anonymous_2)
FN:44,(anonymous_3)
FN:55,(anonymous_4)
FN:61,(anonymous_5)
FN:80,(anonymous_6)
FN:102,(anonymous_7)
FN:109,(anonymous_8)
FN:128,(anonymous_9)
FN:135,(anonymous_10)
FN:143,(anonymous_11)
FN:145,(anonymous_12)
FN:156,(anonymous_13)
FNF:14
FNH:7
FNDA:5,(anonymous_0)
FNDA:4,(anonymous_1)
FNDA:10,(anonymous_2)
FNDA:9,(anonymous_3)
FNDA:3,(anonymous_4)
FNDA:2,(anonymous_5)
FNDA:3,(anonymous_6)
FNDA:0,(anonymous_7)
FNDA:0,(anonymous_8)
FNDA:0,(anonymous_9)
FNDA:0,(anonymous_10)
FNDA:0,(anonymous_11)
FNDA:0,(anonymous_12)
FNDA:0,(anonymous_13)
DA:1,3
DA:4,3
DA:6,3
DA:8,5
DA:9,5
DA:13,5
DA:14,4
DA:15,4
DA:16,1
DA:17,1
DA:19,3
DA:20,1
DA:21,1
DA:23,2
DA:24,2
DA:25,2
DA:30,2
DA:33,1
DA:38,10
DA:39,10
DA:43,10
DA:44,9
DA:45,9
DA:46,1
DA:47,1
DA:49,8
DA:50,1
DA:51,1
DA:53,7
DA:54,4
DA:55,3
DA:56,3
DA:57,1
DA:58,1
DA:60,2
DA:61,2
DA:62,2
DA:63,1
DA:64,1
DA:66,1
DA:67,1
DA:68,1
DA:73,1
DA:77,1
DA:80,3
DA:81,3
DA:82,1
DA:83,1
DA:85,2
DA:86,2
DA:87,2
DA:92,2
DA:98,1
DA:103,0
DA:104,0
DA:108,0
DA:109,0
DA:110,0
DA:111,0
DA:112,0
DA:114,0
DA:115,0
DA:116,0
DA:121,0
DA:124,0
DA:129,0
DA:130,0
DA:134,0
DA:135,0
DA:136,0
DA:137,0
DA:138,0
DA:140,0
DA:141,0
DA:142,0
DA:143,0
DA:144,0
DA:145,0
DA:146,0
DA:147,0
DA:150,0
DA:151,0
DA:156,0
DA:157,0
DA:163,0
DA:165,0
DA:168,0
DA:171,0
LF:88
LH:53
BRDA:13,0,0,4
BRDA:13,0,1,1
BRDA:13,1,0,5
BRDA:13,1,1,5
BRDA:15,2,0,1
BRDA:15,2,1,3
BRDA:19,3,0,1
BRDA:19,3,1,2
BRDA:43,4,0,9
BRDA:43,4,1,1
BRDA:43,5,0,10
BRDA:43,5,1,10
BRDA:43,5,2,9
BRDA:45,6,0,1
BRDA:45,6,1,8
BRDA:49,7,0,1
BRDA:49,7,1,7
BRDA:53,8,0,4
BRDA:53,8,1,3
BRDA:54,9,0,3
BRDA:54,9,1,1
BRDA:54,10,0,4
BRDA:54,10,1,3
BRDA:56,11,0,1
BRDA:56,11,1,2
BRDA:62,12,0,1
BRDA:62,12,1,1
BRDA:81,13,0,1
BRDA:81,13,1,2
BRDA:108,14,0,0
BRDA:108,14,1,0
BRDA:110,15,0,0
BRDA:110,15,1,0
BRDA:134,16,0,0
BRDA:134,16,1,0
BRDA:136,17,0,0
BRDA:136,17,1,0
BRDA:146,18,0,0
BRDA:146,18,1,0
BRDA:150,19,0,0
BRDA:150,19,1,0
BRF:41
BRH:29
end_of_record
TN:
SF:src/models/category.js
FN:4,(anonymous_0)
FN:7,(anonymous_1)
FNF:2
FNH:2
FNDA:1,(anonymous_0)
FNDA:1,(anonymous_1)
DA:1,3
DA:3,3
DA:5,1
DA:6,1
DA:7,1
DA:8,1
LF:6
LH:6
BRF:0
BRH:0
end_of_record
TN:
SF:src/models/orderDetail.js
FN:4,(anonymous_0)
FN:8,(anonymous_1)
FN:13,(anonymous_2)
FN:18,(anonymous_3)
FN:23,(anonymous_4)
FN:34,(anonymous_5)
FN:39,(anonymous_6)
FN:45,(anonymous_7)
FNF:8
FNH:6
FNDA:1,(anonymous_0)
FNDA:1,(anonymous_1)
FNDA:0,(anonymous_2)
FNDA:0,(anonymous_3)
FNDA:1,(anonymous_4)
FNDA:1,(anonymous_5)
FNDA:1,(anonymous_6)
FNDA:1,(anonymous_7)
DA:1,3
DA:3,3
DA:5,1
DA:6,1
DA:7,1
DA:8,1
DA:9,1
DA:14,0
DA:15,0
DA:16,0
DA:17,0
DA:18,0
DA:19,0
DA:24,1
DA:25,1
DA:26,1
DA:27,0
DA:28,0
DA:30,1
DA:31,1
DA:33,1
DA:34,1
DA:35,1
DA:40,1
DA:43,1
DA:44,1
DA:45,1
DA:46,1
LF:28
LH:20
BRDA:26,0,0,0
BRDA:26,0,1,1
BRF:2
BRH:1
end_of_record
TN:
SF:src/models/orderItem.js
FN:4,(anonymous_0)
FN:10,(anonymous_1)
FN:15,(anonymous_2)
FN:21,(anonymous_3)
FN:26,(anonymous_4)
FN:31,(anonymous_5)
FNF:6
FNH:2
FNDA:1,(anonymous_0)
FNDA:1,(anonymous_1)
FNDA:0,(anonymous_2)
FNDA:0,(anonymous_3)
FNDA:0,(anonymous_4)
FNDA:0,(anonymous_5)
DA:1,3
DA:3,3
DA:5,1
DA:6,1
DA:7,1
DA:8,1
DA:9,1
DA:10,1
DA:11,1
DA:16,0
DA:17,0
DA:18,0
DA:19,0
DA:20,0
DA:21,0
DA:22,0
DA:27,0
DA:28,0
DA:29,0
DA:30,0
DA:31,0
DA:32,0
LF:22
LH:9
BRF:0
BRH:0
end_of_record
TN:
SF:src/models/product.js
FN:4,(anonymous_0)
FN:36,(anonymous_1)
FN:41,(anonymous_2)
FN:50,(anonymous_3)
FN:55,(anonymous_4)
FN:62,(anonymous_5)
FNF:6
FNH:6
FNDA:1,(anonymous_0)
FNDA:1,(anonymous_1)
FNDA:1,(anonymous_2)
FNDA:1,(anonymous_3)
FNDA:2,(anonymous_4)
FNDA:2,(anonymous_5)
DA:1,4
DA:3,4
DA:5,1
DA:6,1
DA:7,1
DA:8,1
DA:9,1
DA:10,1
DA:11,0
DA:13,1
DA:14,0
DA:16,1
DA:17,1
DA:19,0
DA:20,0
DA:21,0
DA:22,0
DA:24,0
DA:25,0
DA:27,0
DA:28,0
DA:29,0
DA:30,0
DA:32,0
DA:33,0
DA:36,1
DA:37,1
DA:42,1
DA:44,1
DA:45,1
DA:46,1
DA:47,1
DA:48,1
DA:49,1
DA:50,1
DA:51,1
DA:56,2
DA:59,2
DA:60,2
DA:61,2
DA:62,2
DA:63,2
LF:42
LH:28
BRDA:7,0,0,1
BRDA:7,0,1,0
BRDA:10,1,0,0
BRDA:10,1,1,1
BRDA:13,2,0,0
BRDA:13,2,1,1
BRDA:16,3,0,1
BRDA:16,3,1,0
BRDA:16,4,0,1
BRDA:16,4,1,1
BRDA:19,5,0,0
BRDA:19,5,1,0
BRDA:21,6,0,0
BRDA:21,6,1,0
BRDA:24,7,0,0
BRDA:24,7,1,0
BRDA:24,8,0,0
BRDA:24,8,1,0
BRDA:27,9,0,0
BRDA:27,9,1,0
BRDA:29,10,0,0
BRDA:29,10,1,0
BRDA:29,11,0,0
BRDA:29,11,1,0
BRDA:32,12,0,0
BRDA:32,12,1,0
BRDA:32,13,0,0
BRDA:32,13,1,0
BRF:28
BRH:6
end_of_record
TN:
SF:src/models/user.js
FN:7,(anonymous_0)
FN:12,(anonymous_1)
FN:17,(anonymous_2)
FN:23,(anonymous_3)
FN:28,(anonymous_4)
FN:32,(anonymous_5)
FN:37,(anonymous_6)
FN:43,(anonymous_7)
FN:48,(anonymous_8)
FN:53,(anonymous_9)
FN:58,(anonymous_10)
FN:64,(anonymous_11)
FNF:12
FNH:6
FNDA:1,(anonymous_0)
FNDA:1,(anonymous_1)
FNDA:1,(anonymous_2)
FNDA:1,(anonymous_3)
FNDA:1,(anonymous_4)
FNDA:1,(anonymous_5)
FNDA:0,(anonymous_6)
FNDA:0,(anonymous_7)
FNDA:0,(anonymous_8)
FNDA:0,(anonymous_9)
FNDA:0,(anonymous_10)
FNDA:0,(anonymous_11)
DA:1,3
DA:4,3
DA:6,3
DA:8,1
DA:9,1
DA:10,1
DA:11,1
DA:12,1
DA:13,1
DA:18,1
DA:19,1
DA:20,1
DA:21,1
DA:22,1
DA:23,1
DA:24,1
DA:29,1
DA:30,1
DA:31,1
DA:32,1
DA:33,1
DA:38,0
DA:39,0
DA:40,0
DA:41,0
DA:42,0
DA:43,0
DA:44,0
DA:49,0
DA:51,0
DA:52,0
DA:53,0
DA:54,0
DA:59,0
DA:62,0
DA:63,0
DA:64,0
DA:65,0
LF:38
LH:21
BRF:0
BRH:0
end_of_record
TN:
SF:src/services/sqlConnection.js
FN:6,(anonymous_0)
FN:7,(anonymous_1)
FN:11,(anonymous_2)
FNF:3
FNH:3
FNDA:12,(anonymous_0)
FNDA:12,(anonymous_1)
FNDA:12,(anonymous_2)
DA:1,6
DA:2,6
DA:3,6
DA:5,6
DA:7,12
DA:8,12
DA:9,0
DA:11,12
DA:12,12
DA:13,12
LF:10
LH:9
BRDA:8,0,0,0
BRDA:8,0,1,12
BRF:2
BRH:1
end_of_record
TN:
SF:tests/interceptor.js
FN:2,(anonymous_0)
FN:9,(anonymous_1)
FNF:2
FNH:2
FNDA:47,(anonymous_0)
FNDA:47,(anonymous_1)
DA:1,4
DA:3,47
DA:4,47
DA:5,47
DA:6,47
DA:10,47
DA:11,47
DA:12,47
DA:13,47
DA:14,47
LF:10
LH:10
BRF:0
BRH:0
end_of_record
